#
# There is insufficient memory for the Java Runtime Environment to continue.
# Native memory allocation (mmap) failed to map 574619648 bytes for G1 virtual space
# Possible reasons:
#   The system is out of physical RAM or swap space
#   The process is running with CompressedOops enabled, and the Java Heap may be blocking the growth of the native heap
# Possible solutions:
#   Reduce memory load on the system
#   Increase physical memory or swap space
#   Check if swap backing store is full
#   Decrease Java heap size (-Xmx/-Xms)
#   Decrease number of Java threads
#   Decrease Java thread stack sizes (-Xss)
#   Set larger code cache with -XX:ReservedCodeCacheSize=
#   JVM is running with Unscaled Compressed Oops mode in which the Java heap is
#     placed in the first 4GB address space. The Java Heap base address is the
#     maximum limit for the native heap growth. Please use -XX:HeapBaseMinAddress
#     to set the Java Heap base and to place the Java Heap above 4GB virtual address.
# This output file may be truncated or incomplete.
#
#  Out of Memory Error (os_windows.cpp:3769), pid=7984, tid=19640
#
# JRE version: OpenJDK Runtime Environment (17.0.6) (build 17.0.6+0-b2043.56-10027231)
# Java VM: OpenJDK 64-Bit Server VM (17.0.6+0-b2043.56-10027231, mixed mode, tiered, compressed oops, compressed class ptrs, g1 gc, windows-amd64)
# No core dump will be written. Minidumps are not enabled by default on client versions of Windows
#

---------------  S U M M A R Y ------------

Command Line: --add-opens=java.base/java.util=ALL-UNNAMED --add-opens=java.base/java.lang=ALL-UNNAMED --add-opens=java.base/java.lang.invoke=ALL-UNNAMED --add-opens=java.prefs/java.util.prefs=ALL-UNNAMED --add-opens=java.base/java.nio.charset=ALL-UNNAMED --add-opens=java.base/java.net=ALL-UNNAMED --add-opens=java.base/java.util.concurrent.atomic=ALL-UNNAMED -Xmx2048m -Dfile.encoding=UTF-8 -Duser.country=US -Duser.language=en -Duser.variant org.gradle.launcher.daemon.bootstrap.GradleDaemon 8.0

Host: Intel(R) Core(TM) i5-8265U CPU @ 1.60GHz, 8 cores, 7G,  Windows 11 , 64 bit Build 22621 (10.0.22621.2506)
Time: Thu Dec  7 14:48:01 2023 Morocco Daylight Time elapsed time: 22.389759 seconds (0d 0h 0m 22s)

---------------  T H R E A D  ---------------

Current thread (0x000001cc7fc7d950):  VMThread "VM Thread" [stack: 0x000000439af00000,0x000000439b000000] [id=19640]

Stack: [0x000000439af00000,0x000000439b000000]
Native frames: (J=compiled Java code, j=interpreted, Vv=VM code, C=native code)
V  [jvm.dll+0x683c9a]
V  [jvm.dll+0x8427a4]
V  [jvm.dll+0x843f9e]
V  [jvm.dll+0x844603]
V  [jvm.dll+0x249b75]
V  [jvm.dll+0x680b69]
V  [jvm.dll+0x67505a]
V  [jvm.dll+0x309acb]
V  [jvm.dll+0x310f86]
V  [jvm.dll+0x3608ee]
V  [jvm.dll+0x360b1f]
V  [jvm.dll+0x2dfbf8]
V  [jvm.dll+0x2ddec4]
V  [jvm.dll+0x2dd4cc]
V  [jvm.dll+0x321f3b]
V  [jvm.dll+0x848ccb]
V  [jvm.dll+0x849a04]
V  [jvm.dll+0x849f1d]
V  [jvm.dll+0x84a2f4]
V  [jvm.dll+0x84a3c0]
V  [jvm.dll+0x7f274a]
V  [jvm.dll+0x682ad5]
C  [ucrtbase.dll+0x29363]
C  [KERNEL32.DLL+0x1257d]
C  [ntdll.dll+0x5aa58]

VM_Operation (0x000000439c7f1960): G1CollectForAllocation, mode: safepoint, requested by thread 0x000001cc01b37860


---------------  P R O C E S S  ---------------

Threads class SMR info:
_java_thread_list=0x000001cc043a7fd0, length=126, elements={
0x000001cc65e09780, 0x000001cc00812250, 0x000001cc008130c0, 0x000001cc7fc93000,
0x000001cc7fc93ac0, 0x000001cc00837610, 0x000001cc00837fc0, 0x000001cc00838d50,
0x000001cc008397f0, 0x000001cc0083c1f0, 0x000001cc009ba1e0, 0x000001cc009ba6b0,
0x000001cc01b3a880, 0x000001cc01b38200, 0x000001cc01b37d30, 0x000001cc01b3a3b0,
0x000001cc01b36ec0, 0x000001cc01b37390, 0x000001cc01b37860, 0x000001cc01b386d0,
0x000001cc01b38ba0, 0x000001cc01b39070, 0x000001cc01b39540, 0x000001cc01b39a10,
0x000001cc01b39ee0, 0x000001cc0235ab40, 0x000001cc02361ec0, 0x000001cc0235a670,
0x000001cc0235e9d0, 0x000001cc02361050, 0x000001cc023606b0, 0x000001cc0235db60,
0x000001cc0235d1c0, 0x000001cc0235e500, 0x000001cc0235eea0, 0x000001cc0235b010,
0x000001cc0235c350, 0x000001cc0235c820, 0x000001cc0235f840, 0x000001cc0235f370,
0x000001cc0235ccf0, 0x000001cc0235e030, 0x000001cc02360b80, 0x000001cc02361520,
0x000001cc07e2aa10, 0x000001cc07e2aee0, 0x000001cc07e2a070, 0x000001cc07e2b3b0,
0x000001cc07e2a540, 0x000001cc00e719a0, 0x000001cc00e71000, 0x000001cc00e72810,
0x000001cc00e714d0, 0x000001cc00e73b50, 0x000001cc00e731b0, 0x000001cc00e73680,
0x000001cc00e72ce0, 0x000001cc00e749c0, 0x000001cc00e74020, 0x000001cc00e71e70,
0x000001cc00e744f0, 0x000001cc00e72340, 0x000001cc0969f920, 0x000001cc096a1600,
0x000001cc0969eab0, 0x000001cc096a1fa0, 0x000001cc096a0790, 0x000001cc0969ef80,
0x000001cc096a0c60, 0x000001cc0969f450, 0x000001cc0969e5e0, 0x000001cc0969fdf0,
0x000001cc096a02c0, 0x000001cc096a1130, 0x000001cc096a1ad0, 0x000001cc00ebfa00,
0x000001cc01013ed0, 0x000001cc01013530, 0x000001cc010143a0, 0x000001cc01014870,
0x000001cc00de5180, 0x000001cc08147600, 0x000001cc08148e10, 0x000001cc08147ad0,
0x000001cc00ab2a10, 0x000001cc00ebfed0, 0x000001cc00ec03a0, 0x000001cc00ec1210,
0x000001cc00ebf060, 0x000001cc00ec0d40, 0x000001cc00ec16e0, 0x000001cc00ec0870,
0x000001cc00ec2550, 0x000001cc00ec2a20, 0x000001cc00ec2080, 0x000001cc00ebf530,
0x000001cc00ec1bb0, 0x000001cc045b2430, 0x000001cc045b5920, 0x000001cc045b2900,
0x000001cc045b3770, 0x000001cc045b4ab0, 0x000001cc045b1f60, 0x000001cc045b32a0,
0x000001cc045b2dd0, 0x000001cc045b3c40, 0x000001cc045b4110, 0x000001cc045b45e0,
0x000001cc045b4f80, 0x000001cc045b5450, 0x000001cc06ad46e0, 0x000001cc08148940,
0x000001cc081492e0, 0x000001cc081497b0, 0x000001cc08147130, 0x000001cc08149c80,
0x000001cc0814a150, 0x000001cc0814a620, 0x000001cc08147fa0, 0x000001cc01017550,
0x000001cc01013060, 0x000001cc01013a00, 0x000001cc083d1ed0, 0x000001cc083d2870,
0x000001cc06ad33a0, 0x000001cc06869840
}

Java Threads: ( => current thread )
  0x000001cc65e09780 JavaThread "main" [_thread_blocked, id=1524, stack(0x000000439a900000,0x000000439aa00000)]
  0x000001cc00812250 JavaThread "Reference Handler" daemon [_thread_blocked, id=13272, stack(0x000000439b000000,0x000000439b100000)]
  0x000001cc008130c0 JavaThread "Finalizer" daemon [_thread_blocked, id=18436, stack(0x000000439b100000,0x000000439b200000)]
  0x000001cc7fc93000 JavaThread "Signal Dispatcher" daemon [_thread_blocked, id=7284, stack(0x000000439b200000,0x000000439b300000)]
  0x000001cc7fc93ac0 JavaThread "Attach Listener" daemon [_thread_blocked, id=22056, stack(0x000000439b300000,0x000000439b400000)]
  0x000001cc00837610 JavaThread "Service Thread" daemon [_thread_blocked, id=8628, stack(0x000000439b400000,0x000000439b500000)]
  0x000001cc00837fc0 JavaThread "Monitor Deflation Thread" daemon [_thread_blocked, id=21388, stack(0x000000439b500000,0x000000439b600000)]
  0x000001cc00838d50 JavaThread "C2 CompilerThread0" daemon [_thread_blocked, id=21816, stack(0x000000439b600000,0x000000439b700000)]
  0x000001cc008397f0 JavaThread "C1 CompilerThread0" daemon [_thread_blocked, id=10884, stack(0x000000439b700000,0x000000439b800000)]
  0x000001cc0083c1f0 JavaThread "Sweeper thread" daemon [_thread_blocked, id=20856, stack(0x000000439b800000,0x000000439b900000)]
  0x000001cc009ba1e0 JavaThread "Common-Cleaner" daemon [_thread_blocked, id=16852, stack(0x000000439b900000,0x000000439ba00000)]
  0x000001cc009ba6b0 JavaThread "Notification Thread" daemon [_thread_blocked, id=3120, stack(0x000000439ba00000,0x000000439bb00000)]
  0x000001cc01b3a880 JavaThread "Daemon health stats" [_thread_blocked, id=21000, stack(0x000000439c200000,0x000000439c300000)]
  0x000001cc01b38200 JavaThread "Incoming local TCP Connector on port 54930" [_thread_in_native, id=17888, stack(0x000000439bc00000,0x000000439bd00000)]
  0x000001cc01b37d30 JavaThread "Daemon periodic checks" [_thread_blocked, id=17188, stack(0x000000439c100000,0x000000439c200000)]
  0x000001cc01b3a3b0 JavaThread "Daemon" [_thread_blocked, id=8716, stack(0x000000439c400000,0x000000439c500000)]
  0x000001cc01b36ec0 JavaThread "Handler for socket connection from /127.0.0.1:54930 to /127.0.0.1:54931" [_thread_in_native, id=2104, stack(0x000000439c500000,0x000000439c600000)]
  0x000001cc01b37390 JavaThread "Cancel handler" [_thread_blocked, id=17820, stack(0x000000439c600000,0x000000439c700000)]
  0x000001cc01b37860 JavaThread "Daemon worker" [_thread_blocked, id=19164, stack(0x000000439c700000,0x000000439c800000)]
  0x000001cc01b386d0 JavaThread "Asynchronous log dispatcher for DefaultDaemonConnection: socket connection from /127.0.0.1:54930 to /127.0.0.1:54931" [_thread_blocked, id=21192, stack(0x000000439c800000,0x000000439c900000)]
  0x000001cc01b38ba0 JavaThread "Stdin handler" [_thread_blocked, id=21268, stack(0x000000439c900000,0x000000439ca00000)]
  0x000001cc01b39070 JavaThread "Daemon client event forwarder" [_thread_blocked, id=20348, stack(0x000000439ca00000,0x000000439cb00000)]
  0x000001cc01b39540 JavaThread "Cache worker for journal cache (C:\Users\PC\.gradle\caches\journal-1)" [_thread_blocked, id=21044, stack(0x000000439cf00000,0x000000439d000000)]
  0x000001cc01b39a10 JavaThread "File lock request listener" [_thread_in_native, id=17712, stack(0x000000439d000000,0x000000439d100000)]
  0x000001cc01b39ee0 JavaThread "Cache worker for file hash cache (C:\Users\PC\.gradle\caches\8.0\fileHashes)" [_thread_blocked, id=20404, stack(0x000000439d100000,0x000000439d200000)]
  0x000001cc0235ab40 JavaThread "File watcher server" daemon [_thread_in_native, id=4420, stack(0x000000439d300000,0x000000439d400000)]
  0x000001cc02361ec0 JavaThread "File watcher consumer" daemon [_thread_blocked, id=21280, stack(0x000000439d400000,0x000000439d500000)]
  0x000001cc0235a670 JavaThread "jar transforms" [_thread_blocked, id=21664, stack(0x000000439d500000,0x000000439d600000)]
  0x000001cc0235e9d0 JavaThread "jar transforms Thread 2" [_thread_blocked, id=9908, stack(0x000000439d600000,0x000000439d700000)]
  0x000001cc02361050 JavaThread "jar transforms Thread 3" [_thread_blocked, id=20744, stack(0x000000439d700000,0x000000439d800000)]
  0x000001cc023606b0 JavaThread "jar transforms Thread 4" [_thread_blocked, id=21424, stack(0x000000439d800000,0x000000439d900000)]
  0x000001cc0235db60 JavaThread "jar transforms Thread 5" [_thread_blocked, id=21872, stack(0x000000439d900000,0x000000439da00000)]
  0x000001cc0235d1c0 JavaThread "jar transforms Thread 6" [_thread_blocked, id=22128, stack(0x000000439da00000,0x000000439db00000)]
  0x000001cc0235e500 JavaThread "jar transforms Thread 7" [_thread_blocked, id=17804, stack(0x000000439db00000,0x000000439dc00000)]
  0x000001cc0235eea0 JavaThread "jar transforms Thread 8" [_thread_blocked, id=16676, stack(0x000000439dc00000,0x000000439dd00000)]
  0x000001cc0235b010 JavaThread "Cache worker for checksums cache (D:\myTP3\.gradle\8.0\checksums)" [_thread_blocked, id=20092, stack(0x000000439dd00000,0x000000439de00000)]
  0x000001cc0235c350 JavaThread "Cache worker for cache directory md-rule (C:\Users\PC\.gradle\caches\8.0\md-rule)" [_thread_blocked, id=15744, stack(0x000000439de00000,0x000000439df00000)]
  0x000001cc0235c820 JavaThread "Cache worker for file content cache (C:\Users\PC\.gradle\caches\8.0\fileContent)" [_thread_blocked, id=11688, stack(0x000000439df00000,0x000000439e000000)]
  0x000001cc0235f840 JavaThread "Cache worker for file hash cache (D:\myTP3\.gradle\8.0\fileHashes)" [_thread_blocked, id=20800, stack(0x000000439e000000,0x000000439e100000)]
  0x000001cc0235f370 JavaThread "Cache worker for cache directory md-supplier (C:\Users\PC\.gradle\caches\8.0\md-supplier)" [_thread_blocked, id=22068, stack(0x000000439e100000,0x000000439e200000)]
  0x000001cc0235ccf0 JavaThread "Cache worker for execution history cache (C:\Users\PC\.gradle\caches\8.0\executionHistory)" [_thread_blocked, id=17624, stack(0x000000439e200000,0x000000439e300000)]
  0x000001cc0235e030 JavaThread "Cache worker for kotlin-dsl (C:\Users\PC\.gradle\caches\8.0\kotlin-dsl)" [_thread_blocked, id=6320, stack(0x000000439e300000,0x000000439e400000)]
  0x000001cc02360b80 JavaThread "Cache worker for dependencies-accessors (D:\myTP3\.gradle\8.0\dependencies-accessors)" [_thread_blocked, id=17604, stack(0x000000439e400000,0x000000439e500000)]
  0x000001cc02361520 JavaThread "Cache worker for Build Output Cleanup Cache (D:\myTP3\.gradle\buildOutputCleanup)" [_thread_blocked, id=21560, stack(0x000000439e500000,0x000000439e600000)]
  0x000001cc07e2aa10 JavaThread "Unconstrained build operations" [_thread_blocked, id=21680, stack(0x000000439c300000,0x000000439c400000)]
  0x000001cc07e2aee0 JavaThread "Unconstrained build operations Thread 2" [_thread_blocked, id=18080, stack(0x000000439e700000,0x000000439e800000)]
  0x000001cc07e2a070 JavaThread "Unconstrained build operations Thread 3" [_thread_blocked, id=3272, stack(0x000000439ea00000,0x000000439eb00000)]
  0x000001cc07e2b3b0 JavaThread "Unconstrained build operations Thread 4" [_thread_blocked, id=19832, stack(0x000000439eb00000,0x000000439ec00000)]
  0x000001cc07e2a540 JavaThread "Unconstrained build operations Thread 5" [_thread_blocked, id=20276, stack(0x000000439ec00000,0x000000439ed00000)]
  0x000001cc00e719a0 JavaThread "Unconstrained build operations Thread 6" [_thread_blocked, id=12408, stack(0x000000439ed00000,0x000000439ee00000)]
  0x000001cc00e71000 JavaThread "Unconstrained build operations Thread 7" [_thread_blocked, id=21656, stack(0x000000439ee00000,0x000000439ef00000)]
  0x000001cc00e72810 JavaThread "Unconstrained build operations Thread 8" [_thread_blocked, id=12352, stack(0x000000439ef00000,0x000000439f000000)]
  0x000001cc00e714d0 JavaThread "Unconstrained build operations Thread 9" [_thread_blocked, id=12148, stack(0x000000439f000000,0x000000439f100000)]
  0x000001cc00e73b50 JavaThread "Unconstrained build operations Thread 10" [_thread_blocked, id=21092, stack(0x000000439f100000,0x000000439f200000)]
  0x000001cc00e731b0 JavaThread "Unconstrained build operations Thread 11" [_thread_blocked, id=21016, stack(0x000000439f200000,0x000000439f300000)]
  0x000001cc00e73680 JavaThread "Unconstrained build operations Thread 12" [_thread_blocked, id=2520, stack(0x000000439f300000,0x000000439f400000)]
  0x000001cc00e72ce0 JavaThread "Unconstrained build operations Thread 13" [_thread_blocked, id=22096, stack(0x000000439f400000,0x000000439f500000)]
  0x000001cc00e749c0 JavaThread "Unconstrained build operations Thread 14" [_thread_blocked, id=21400, stack(0x000000439f500000,0x000000439f600000)]
  0x000001cc00e74020 JavaThread "Unconstrained build operations Thread 15" [_thread_blocked, id=17388, stack(0x000000439f600000,0x000000439f700000)]
  0x000001cc00e71e70 JavaThread "Unconstrained build operations Thread 16" [_thread_blocked, id=1624, stack(0x000000439f700000,0x000000439f800000)]
  0x000001cc00e744f0 JavaThread "Unconstrained build operations Thread 17" [_thread_blocked, id=21548, stack(0x000000439f800000,0x000000439f900000)]
  0x000001cc00e72340 JavaThread "Unconstrained build operations Thread 18" [_thread_blocked, id=14324, stack(0x000000439f900000,0x000000439fa00000)]
  0x000001cc0969f920 JavaThread "Unconstrained build operations Thread 19" [_thread_blocked, id=17892, stack(0x000000439fa00000,0x000000439fb00000)]
  0x000001cc096a1600 JavaThread "Unconstrained build operations Thread 20" [_thread_blocked, id=21556, stack(0x000000439fb00000,0x000000439fc00000)]
  0x000001cc0969eab0 JavaThread "Unconstrained build operations Thread 21" [_thread_blocked, id=17696, stack(0x000000439fc00000,0x000000439fd00000)]
  0x000001cc096a1fa0 JavaThread "Unconstrained build operations Thread 22" [_thread_blocked, id=1864, stack(0x000000439fd00000,0x000000439fe00000)]
  0x000001cc096a0790 JavaThread "Unconstrained build operations Thread 23" [_thread_blocked, id=3864, stack(0x000000439fe00000,0x000000439ff00000)]
  0x000001cc0969ef80 JavaThread "Unconstrained build operations Thread 24" [_thread_blocked, id=11172, stack(0x000000439ff00000,0x00000043a0000000)]
  0x000001cc096a0c60 JavaThread "Unconstrained build operations Thread 25" [_thread_blocked, id=19616, stack(0x00000043a0000000,0x00000043a0100000)]
  0x000001cc0969f450 JavaThread "Unconstrained build operations Thread 26" [_thread_blocked, id=9020, stack(0x00000043a0100000,0x00000043a0200000)]
  0x000001cc0969e5e0 JavaThread "Unconstrained build operations Thread 27" [_thread_blocked, id=22148, stack(0x00000043a0200000,0x00000043a0300000)]
  0x000001cc0969fdf0 JavaThread "Unconstrained build operations Thread 28" [_thread_blocked, id=17716, stack(0x00000043a0300000,0x00000043a0400000)]
  0x000001cc096a02c0 JavaThread "Unconstrained build operations Thread 29" [_thread_blocked, id=14760, stack(0x00000043a0400000,0x00000043a0500000)]
  0x000001cc096a1130 JavaThread "Unconstrained build operations Thread 30" [_thread_blocked, id=13368, stack(0x00000043a0500000,0x00000043a0600000)]
  0x000001cc096a1ad0 JavaThread "Unconstrained build operations Thread 31" [_thread_blocked, id=3204, stack(0x00000043a0600000,0x00000043a0700000)]
  0x000001cc00ebfa00 JavaThread "Unconstrained build operations Thread 32" [_thread_blocked, id=3432, stack(0x00000043a0700000,0x00000043a0800000)]
  0x000001cc01013ed0 JavaThread "Unconstrained build operations Thread 33" [_thread_blocked, id=20472, stack(0x00000043a0800000,0x00000043a0900000)]
  0x000001cc01013530 JavaThread "Unconstrained build operations Thread 34" [_thread_blocked, id=20000, stack(0x00000043a0900000,0x00000043a0a00000)]
  0x000001cc010143a0 JavaThread "Unconstrained build operations Thread 35" [_thread_blocked, id=18216, stack(0x00000043a0a00000,0x00000043a0b00000)]
  0x000001cc01014870 JavaThread "Unconstrained build operations Thread 36" [_thread_blocked, id=1896, stack(0x00000043a0b00000,0x00000043a0c00000)]
  0x000001cc00de5180 JavaThread "Unconstrained build operations Thread 37" [_thread_blocked, id=19072, stack(0x00000043a0c00000,0x00000043a0d00000)]
  0x000001cc08147600 JavaThread "Unconstrained build operations Thread 38" [_thread_blocked, id=4308, stack(0x00000043a0d00000,0x00000043a0e00000)]
  0x000001cc08148e10 JavaThread "Unconstrained build operations Thread 39" [_thread_blocked, id=2084, stack(0x00000043a0e00000,0x00000043a0f00000)]
  0x000001cc08147ad0 JavaThread "Unconstrained build operations Thread 40" [_thread_blocked, id=19776, stack(0x00000043a0f00000,0x00000043a1000000)]
  0x000001cc00ab2a10 JavaThread "Unconstrained build operations Thread 41" [_thread_blocked, id=2152, stack(0x00000043a1000000,0x00000043a1100000)]
  0x000001cc00ebfed0 JavaThread "Unconstrained build operations Thread 42" [_thread_blocked, id=4388, stack(0x00000043a1100000,0x00000043a1200000)]
  0x000001cc00ec03a0 JavaThread "Unconstrained build operations Thread 43" [_thread_blocked, id=1716, stack(0x00000043a1200000,0x00000043a1300000)]
  0x000001cc00ec1210 JavaThread "Unconstrained build operations Thread 44" [_thread_blocked, id=19844, stack(0x00000043a1300000,0x00000043a1400000)]
  0x000001cc00ebf060 JavaThread "Unconstrained build operations Thread 45" [_thread_blocked, id=21536, stack(0x00000043a1400000,0x00000043a1500000)]
  0x000001cc00ec0d40 JavaThread "Unconstrained build operations Thread 46" [_thread_blocked, id=2064, stack(0x00000043a1500000,0x00000043a1600000)]
  0x000001cc00ec16e0 JavaThread "Unconstrained build operations Thread 47" [_thread_blocked, id=2768, stack(0x00000043a1600000,0x00000043a1700000)]
  0x000001cc00ec0870 JavaThread "Unconstrained build operations Thread 48" [_thread_blocked, id=20796, stack(0x00000043a1700000,0x00000043a1800000)]
  0x000001cc00ec2550 JavaThread "Unconstrained build operations Thread 49" [_thread_blocked, id=7216, stack(0x00000043a1800000,0x00000043a1900000)]
  0x000001cc00ec2a20 JavaThread "Unconstrained build operations Thread 50" [_thread_blocked, id=19980, stack(0x00000043a1900000,0x00000043a1a00000)]
  0x000001cc00ec2080 JavaThread "Unconstrained build operations Thread 51" [_thread_blocked, id=21128, stack(0x00000043a1a00000,0x00000043a1b00000)]
  0x000001cc00ebf530 JavaThread "Unconstrained build operations Thread 52" [_thread_blocked, id=1620, stack(0x00000043a1b00000,0x00000043a1c00000)]
  0x000001cc00ec1bb0 JavaThread "Unconstrained build operations Thread 53" [_thread_blocked, id=21304, stack(0x00000043a1c00000,0x00000043a1d00000)]
  0x000001cc045b2430 JavaThread "Unconstrained build operations Thread 54" [_thread_blocked, id=18064, stack(0x00000043a1d00000,0x00000043a1e00000)]
  0x000001cc045b5920 JavaThread "Unconstrained build operations Thread 55" [_thread_blocked, id=11304, stack(0x00000043a1e00000,0x00000043a1f00000)]
  0x000001cc045b2900 JavaThread "Unconstrained build operations Thread 56" [_thread_blocked, id=22404, stack(0x00000043a1f00000,0x00000043a2000000)]
  0x000001cc045b3770 JavaThread "Unconstrained build operations Thread 57" [_thread_blocked, id=20900, stack(0x00000043a2000000,0x00000043a2100000)]
  0x000001cc045b4ab0 JavaThread "Unconstrained build operations Thread 58" [_thread_blocked, id=6292, stack(0x00000043a2100000,0x00000043a2200000)]
  0x000001cc045b1f60 JavaThread "Unconstrained build operations Thread 59" [_thread_blocked, id=22204, stack(0x00000043a2200000,0x00000043a2300000)]
  0x000001cc045b32a0 JavaThread "Unconstrained build operations Thread 60" [_thread_blocked, id=3312, stack(0x00000043a2300000,0x00000043a2400000)]
  0x000001cc045b2dd0 JavaThread "Unconstrained build operations Thread 61" [_thread_blocked, id=20220, stack(0x00000043a2400000,0x00000043a2500000)]
  0x000001cc045b3c40 JavaThread "Unconstrained build operations Thread 62" [_thread_blocked, id=21892, stack(0x00000043a2500000,0x00000043a2600000)]
  0x000001cc045b4110 JavaThread "Unconstrained build operations Thread 63" [_thread_blocked, id=17824, stack(0x00000043a2600000,0x00000043a2700000)]
  0x000001cc045b45e0 JavaThread "Unconstrained build operations Thread 64" [_thread_blocked, id=19580, stack(0x00000043a2700000,0x00000043a2800000)]
  0x000001cc045b4f80 JavaThread "Unconstrained build operations Thread 65" [_thread_blocked, id=11288, stack(0x00000043a2800000,0x00000043a2900000)]
  0x000001cc045b5450 JavaThread "Unconstrained build operations Thread 66" [_thread_blocked, id=21848, stack(0x00000043a2900000,0x00000043a2a00000)]
  0x000001cc06ad46e0 JavaThread "Unconstrained build operations Thread 67" [_thread_blocked, id=21292, stack(0x00000043a2a00000,0x00000043a2b00000)]
  0x000001cc08148940 JavaThread "Unconstrained build operations Thread 68" [_thread_blocked, id=8492, stack(0x00000043a2b00000,0x00000043a2c00000)]
  0x000001cc081492e0 JavaThread "Unconstrained build operations Thread 69" [_thread_blocked, id=12076, stack(0x00000043a2c00000,0x00000043a2d00000)]
  0x000001cc081497b0 JavaThread "Unconstrained build operations Thread 70" [_thread_blocked, id=22008, stack(0x00000043a2d00000,0x00000043a2e00000)]
  0x000001cc08147130 JavaThread "Unconstrained build operations Thread 71" [_thread_blocked, id=19812, stack(0x00000043a2e00000,0x00000043a2f00000)]
  0x000001cc08149c80 JavaThread "Unconstrained build operations Thread 72" [_thread_blocked, id=21224, stack(0x00000043a2f00000,0x00000043a3000000)]
  0x000001cc0814a150 JavaThread "Unconstrained build operations Thread 73" [_thread_blocked, id=20736, stack(0x00000043a3000000,0x00000043a3100000)]
  0x000001cc0814a620 JavaThread "Unconstrained build operations Thread 74" [_thread_blocked, id=19964, stack(0x00000043a3100000,0x00000043a3200000)]
  0x000001cc08147fa0 JavaThread "Unconstrained build operations Thread 75" [_thread_blocked, id=4704, stack(0x00000043a3200000,0x00000043a3300000)]
  0x000001cc01017550 JavaThread "Unconstrained build operations Thread 76" [_thread_blocked, id=21436, stack(0x00000043a3300000,0x00000043a3400000)]
  0x000001cc01013060 JavaThread "Unconstrained build operations Thread 77" [_thread_blocked, id=7240, stack(0x00000043a3400000,0x00000043a3500000)]
  0x000001cc01013a00 JavaThread "Unconstrained build operations Thread 78" [_thread_blocked, id=21368, stack(0x00000043a3500000,0x00000043a3600000)]
  0x000001cc083d1ed0 JavaThread "Unconstrained build operations Thread 79" [_thread_blocked, id=20572, stack(0x00000043a3600000,0x00000043a3700000)]
  0x000001cc083d2870 JavaThread "Unconstrained build operations Thread 80" [_thread_blocked, id=13436, stack(0x00000043a3700000,0x00000043a3800000)]
  0x000001cc06ad33a0 JavaThread "Kotlin DSL Writer" [_thread_blocked, id=2860, stack(0x00000043a3800000,0x00000043a3900000)]
  0x000001cc06869840 JavaThread "C2 CompilerThread1" daemon [_thread_blocked, id=760, stack(0x000000439e800000,0x000000439e900000)]

Other Threads:
=>0x000001cc7fc7d950 VMThread "VM Thread" [stack: 0x000000439af00000,0x000000439b000000] [id=19640]
  0x000001cc65e98360 WatcherThread [stack: 0x000000439bb00000,0x000000439bc00000] [id=2540]
  0x000001cc65e642e0 GCTaskThread "GC Thread#0" [stack: 0x000000439aa00000,0x000000439ab00000] [id=6132]
  0x000001cc017733f0 GCTaskThread "GC Thread#1" [stack: 0x000000439be00000,0x000000439bf00000] [id=21676]
  0x000001cc017736a0 GCTaskThread "GC Thread#2" [stack: 0x000000439bf00000,0x000000439c000000] [id=21652]
  0x000001cc011227a0 GCTaskThread "GC Thread#3" [stack: 0x000000439c000000,0x000000439c100000] [id=20864]
  0x000001cc00a891d0 GCTaskThread "GC Thread#4" [stack: 0x000000439bd00000,0x000000439be00000] [id=17348]
  0x000001cc03c57210 GCTaskThread "GC Thread#5" [stack: 0x000000439cb00000,0x000000439cc00000] [id=20432]
  0x000001cc03dedea0 GCTaskThread "GC Thread#6" [stack: 0x000000439cc00000,0x000000439cd00000] [id=15936]
  0x000001cc01c9a920 GCTaskThread "GC Thread#7" [stack: 0x000000439cd00000,0x000000439ce00000] [id=21500]
  0x000001cc65e75220 ConcurrentGCThread "G1 Main Marker" [stack: 0x000000439ab00000,0x000000439ac00000] [id=14708]
  0x000001cc65e75c30 ConcurrentGCThread "G1 Conc#0" [stack: 0x000000439ac00000,0x000000439ad00000] [id=21012]
  0x000001cc0378d2b0 ConcurrentGCThread "G1 Conc#1" [stack: 0x000000439ce00000,0x000000439cf00000] [id=22180]
  0x000001cc65ece320 ConcurrentGCThread "G1 Refine#0" [stack: 0x000000439ad00000,0x000000439ae00000] [id=22032]
  0x000001cc07c44000 ConcurrentGCThread "G1 Refine#1" [stack: 0x000000439d200000,0x000000439d300000] [id=12160]
  0x000001cc07c442e0 ConcurrentGCThread "G1 Refine#2" [stack: 0x000000439e600000,0x000000439e700000] [id=18572]
  0x000001cc066b89e0 ConcurrentGCThread "G1 Refine#3" [stack: 0x00000043a3900000,0x00000043a3a00000] [id=2876]
  0x000001cc7fad64e0 ConcurrentGCThread "G1 Service" [stack: 0x000000439ae00000,0x000000439af00000] [id=19944]

Threads with active compile tasks:
C2 CompilerThread0    22446 12454       4       org.jetbrains.kotlin.name.Name::hashCode (28 bytes)
C1 CompilerThread0    22446 12789       1       org.jetbrains.kotlin.backend.common.phaser.PhaseConfig::getVerbose (5 bytes)
C2 CompilerThread1    22446 12331       4       org.jetbrains.kotlin.protobuf.GeneratedMessageLite$ExtendableMessage$ExtensionWriter::<init> (57 bytes)

VM state: at safepoint (normal execution)

VM Mutex/Monitor currently owned by a thread:  ([mutex/lock_event])
[0x000001cc65e04ec0] Threads_lock - owner thread: 0x000001cc7fc7d950
[0x000001cc65e05730] Heap_lock - owner thread: 0x000001cc01b37860

Heap address: 0x0000000080000000, size: 2048 MB, Compressed Oops mode: 32-bit

CDS archive(s) not mapped
Compressed class space mapped at: 0x0000000100000000-0x0000000140000000, reserved size: 1073741824
Narrow klass base: 0x0000000000000000, Narrow klass shift: 3, Narrow klass range: 0x140000000

GC Precious Log:
 CPUs: 8 total, 8 available
 Memory: 8062M
 Large Page Support: Disabled
 NUMA Support: Disabled
 Compressed Oops: Enabled (32-bit)
 Heap Region Size: 1M
 Heap Min Capacity: 8M
 Heap Initial Capacity: 126M
 Heap Max Capacity: 2G
 Pre-touch: Disabled
 Parallel Workers: 8
 Concurrent Workers: 2
 Concurrent Refinement Workers: 8
 Periodic GC: Disabled

Heap:
 garbage-first heap   total 280576K, used 168104K [0x0000000080000000, 0x0000000100000000)
  region size 1024K, 9 young (9216K), 9 survivors (9216K)
 Metaspace       used 129680K, committed 130432K, reserved 1163264K
  class space    used 16492K, committed 16832K, reserved 1048576K

Heap Regions: E=young(eden), S=young(survivor), O=old, HS=humongous(starts), HC=humongous(continues), CS=collection set, F=free, OA=open archive, CA=closed archive, TAMS=top-at-mark-start (previous, next)
|   0|0x0000000080000000, 0x0000000080100000, 0x0000000080100000|100%|HS|  |TAMS 0x0000000080100000, 0x0000000080100000| Complete 
|   1|0x0000000080100000, 0x0000000080200000, 0x0000000080200000|100%|HC|  |TAMS 0x0000000080200000, 0x0000000080200000| Complete 
|   2|0x0000000080200000, 0x0000000080300000, 0x0000000080300000|100%|HC|  |TAMS 0x0000000080300000, 0x0000000080300000| Complete 
|   3|0x0000000080300000, 0x0000000080400000, 0x0000000080400000|100%|HC|  |TAMS 0x0000000080400000, 0x0000000080400000| Complete 
|   4|0x0000000080400000, 0x0000000080500000, 0x0000000080500000|100%| O|  |TAMS 0x0000000080500000, 0x0000000080500000| Untracked 
|   5|0x0000000080500000, 0x0000000080600000, 0x0000000080600000|100%| O|  |TAMS 0x0000000080600000, 0x0000000080600000| Untracked 
|   6|0x0000000080600000, 0x0000000080700000, 0x0000000080700000|100%| O|  |TAMS 0x0000000080700000, 0x0000000080700000| Untracked 
|   7|0x0000000080700000, 0x0000000080800000, 0x0000000080800000|100%| O|  |TAMS 0x0000000080800000, 0x0000000080800000| Untracked 
|   8|0x0000000080800000, 0x0000000080900000, 0x0000000080900000|100%| O|  |TAMS 0x0000000080900000, 0x0000000080900000| Untracked 
|   9|0x0000000080900000, 0x0000000080a00000, 0x0000000080a00000|100%| O|  |TAMS 0x0000000080a00000, 0x0000000080a00000| Untracked 
|  10|0x0000000080a00000, 0x0000000080b00000, 0x0000000080b00000|100%| O|  |TAMS 0x0000000080b00000, 0x0000000080b00000| Untracked 
|  11|0x0000000080b00000, 0x0000000080c00000, 0x0000000080c00000|100%| O|  |TAMS 0x0000000080b00000, 0x0000000080c00000| Untracked 
|  12|0x0000000080c00000, 0x0000000080d00000, 0x0000000080d00000|100%| O|  |TAMS 0x0000000080d00000, 0x0000000080d00000| Untracked 
|  13|0x0000000080d00000, 0x0000000080e00000, 0x0000000080e00000|100%| O|  |TAMS 0x0000000080e00000, 0x0000000080e00000| Untracked 
|  14|0x0000000080e00000, 0x0000000080f00000, 0x0000000080f00000|100%| O|  |TAMS 0x0000000080f00000, 0x0000000080f00000| Untracked 
|  15|0x0000000080f00000, 0x0000000081000000, 0x0000000081000000|100%| O|  |TAMS 0x0000000081000000, 0x0000000081000000| Untracked 
|  16|0x0000000081000000, 0x0000000081100000, 0x0000000081100000|100%| O|  |TAMS 0x0000000081100000, 0x0000000081100000| Untracked 
|  17|0x0000000081100000, 0x0000000081200000, 0x0000000081200000|100%| O|  |TAMS 0x0000000081200000, 0x0000000081200000| Untracked 
|  18|0x0000000081200000, 0x0000000081300000, 0x0000000081300000|100%| O|  |TAMS 0x0000000081300000, 0x0000000081300000| Untracked 
|  19|0x0000000081300000, 0x0000000081400000, 0x0000000081400000|100%|HS|  |TAMS 0x0000000081400000, 0x0000000081400000| Complete 
|  20|0x0000000081400000, 0x0000000081500000, 0x0000000081500000|100%|HC|  |TAMS 0x0000000081500000, 0x0000000081500000| Complete 
|  21|0x0000000081500000, 0x0000000081600000, 0x0000000081600000|100%|HS|  |TAMS 0x0000000081600000, 0x0000000081600000| Complete 
|  22|0x0000000081600000, 0x0000000081700000, 0x0000000081700000|100%|HC|  |TAMS 0x0000000081700000, 0x0000000081700000| Complete 
|  23|0x0000000081700000, 0x0000000081800000, 0x0000000081800000|100%|HC|  |TAMS 0x0000000081800000, 0x0000000081800000| Complete 
|  24|0x0000000081800000, 0x0000000081900000, 0x0000000081900000|100%| O|  |TAMS 0x0000000081900000, 0x0000000081900000| Untracked 
|  25|0x0000000081900000, 0x0000000081a00000, 0x0000000081a00000|100%| O|  |TAMS 0x0000000081a00000, 0x0000000081a00000| Untracked 
|  26|0x0000000081a00000, 0x0000000081b00000, 0x0000000081b00000|100%| O|  |TAMS 0x0000000081b00000, 0x0000000081b00000| Untracked 
|  27|0x0000000081b00000, 0x0000000081c00000, 0x0000000081c00000|100%| O|  |TAMS 0x0000000081c00000, 0x0000000081c00000| Untracked 
|  28|0x0000000081c00000, 0x0000000081d00000, 0x0000000081d00000|100%|HS|  |TAMS 0x0000000081d00000, 0x0000000081d00000| Complete 
|  29|0x0000000081d00000, 0x0000000081e00000, 0x0000000081e00000|100%|HC|  |TAMS 0x0000000081e00000, 0x0000000081e00000| Complete 
|  30|0x0000000081e00000, 0x0000000081f00000, 0x0000000081f00000|100%|HC|  |TAMS 0x0000000081f00000, 0x0000000081f00000| Complete 
|  31|0x0000000081f00000, 0x0000000082000000, 0x0000000082000000|100%| O|  |TAMS 0x0000000082000000, 0x0000000082000000| Untracked 
|  32|0x0000000082000000, 0x0000000082100000, 0x0000000082100000|100%| O|  |TAMS 0x0000000082100000, 0x0000000082100000| Untracked 
|  33|0x0000000082100000, 0x0000000082200000, 0x0000000082200000|100%|HS|  |TAMS 0x0000000082200000, 0x0000000082200000| Complete 
|  34|0x0000000082200000, 0x0000000082300000, 0x0000000082300000|100%|HC|  |TAMS 0x0000000082300000, 0x0000000082300000| Complete 
|  35|0x0000000082300000, 0x0000000082400000, 0x0000000082400000|100%|HC|  |TAMS 0x0000000082400000, 0x0000000082400000| Complete 
|  36|0x0000000082400000, 0x0000000082500000, 0x0000000082500000|100%|HC|  |TAMS 0x0000000082500000, 0x0000000082500000| Complete 
|  37|0x0000000082500000, 0x0000000082600000, 0x0000000082600000|100%|HC|  |TAMS 0x0000000082600000, 0x0000000082600000| Complete 
|  38|0x0000000082600000, 0x0000000082700000, 0x0000000082700000|100%|HC|  |TAMS 0x0000000082700000, 0x0000000082700000| Complete 
|  39|0x0000000082700000, 0x0000000082800000, 0x0000000082800000|100%|HC|  |TAMS 0x0000000082800000, 0x0000000082800000| Complete 
|  40|0x0000000082800000, 0x0000000082900000, 0x0000000082900000|100%|HC|  |TAMS 0x0000000082900000, 0x0000000082900000| Complete 
|  41|0x0000000082900000, 0x0000000082a00000, 0x0000000082a00000|100%|HC|  |TAMS 0x0000000082a00000, 0x0000000082a00000| Complete 
|  42|0x0000000082a00000, 0x0000000082b00000, 0x0000000082b00000|100%|HC|  |TAMS 0x0000000082b00000, 0x0000000082b00000| Complete 
|  43|0x0000000082b00000, 0x0000000082c00000, 0x0000000082c00000|100%|HC|  |TAMS 0x0000000082c00000, 0x0000000082c00000| Complete 
|  44|0x0000000082c00000, 0x0000000082d00000, 0x0000000082d00000|100%|HC|  |TAMS 0x0000000082d00000, 0x0000000082d00000| Complete 
|  45|0x0000000082d00000, 0x0000000082e00000, 0x0000000082e00000|100%|HS|  |TAMS 0x0000000082e00000, 0x0000000082e00000| Complete 
|  46|0x0000000082e00000, 0x0000000082f00000, 0x0000000082f00000|100%|HC|  |TAMS 0x0000000082f00000, 0x0000000082f00000| Complete 
|  47|0x0000000082f00000, 0x0000000083000000, 0x0000000083000000|100%| O|  |TAMS 0x0000000083000000, 0x0000000083000000| Untracked 
|  48|0x0000000083000000, 0x0000000083100000, 0x0000000083100000|100%| O|  |TAMS 0x0000000083100000, 0x0000000083100000| Untracked 
|  49|0x0000000083100000, 0x0000000083200000, 0x0000000083200000|100%| O|  |TAMS 0x0000000083200000, 0x0000000083200000| Untracked 
|  50|0x0000000083200000, 0x0000000083300000, 0x0000000083300000|100%| O|  |TAMS 0x0000000083300000, 0x0000000083300000| Untracked 
|  51|0x0000000083300000, 0x0000000083400000, 0x0000000083400000|100%| O|  |TAMS 0x0000000083400000, 0x0000000083400000| Untracked 
|  52|0x0000000083400000, 0x0000000083500000, 0x0000000083500000|100%| O|  |TAMS 0x0000000083500000, 0x0000000083500000| Untracked 
|  53|0x0000000083500000, 0x0000000083600000, 0x0000000083600000|100%| O|  |TAMS 0x0000000083600000, 0x0000000083600000| Untracked 
|  54|0x0000000083600000, 0x0000000083700000, 0x0000000083700000|100%| O|  |TAMS 0x0000000083700000, 0x0000000083700000| Untracked 
|  55|0x0000000083700000, 0x0000000083800000, 0x0000000083800000|100%|HS|  |TAMS 0x0000000083800000, 0x0000000083800000| Complete 
|  56|0x0000000083800000, 0x0000000083900000, 0x0000000083900000|100%|HC|  |TAMS 0x0000000083900000, 0x0000000083900000| Complete 
|  57|0x0000000083900000, 0x0000000083a00000, 0x0000000083a00000|100%|HC|  |TAMS 0x0000000083a00000, 0x0000000083a00000| Complete 
|  58|0x0000000083a00000, 0x0000000083b00000, 0x0000000083b00000|100%|HS|  |TAMS 0x0000000083b00000, 0x0000000083b00000| Complete 
|  59|0x0000000083b00000, 0x0000000083c00000, 0x0000000083c00000|100%|HC|  |TAMS 0x0000000083c00000, 0x0000000083c00000| Complete 
|  60|0x0000000083c00000, 0x0000000083d00000, 0x0000000083d00000|100%|HC|  |TAMS 0x0000000083d00000, 0x0000000083d00000| Complete 
|  61|0x0000000083d00000, 0x0000000083e00000, 0x0000000083e00000|100%| O|  |TAMS 0x0000000083e00000, 0x0000000083e00000| Untracked 
|  62|0x0000000083e00000, 0x0000000083f00000, 0x0000000083f00000|100%| O|  |TAMS 0x0000000083f00000, 0x0000000083f00000| Untracked 
|  63|0x0000000083f00000, 0x0000000084000000, 0x0000000084000000|100%| O|  |TAMS 0x0000000084000000, 0x0000000084000000| Untracked 
|  64|0x0000000084000000, 0x0000000084100000, 0x0000000084100000|100%| O|  |TAMS 0x0000000084100000, 0x0000000084100000| Untracked 
|  65|0x0000000084100000, 0x0000000084200000, 0x0000000084200000|100%| O|  |TAMS 0x0000000084200000, 0x0000000084200000| Untracked 
|  66|0x0000000084200000, 0x0000000084300000, 0x0000000084300000|100%| O|  |TAMS 0x0000000084300000, 0x0000000084300000| Untracked 
|  67|0x0000000084300000, 0x0000000084400000, 0x0000000084400000|100%| O|  |TAMS 0x0000000084400000, 0x0000000084400000| Untracked 
|  68|0x0000000084400000, 0x0000000084500000, 0x0000000084500000|100%| O|  |TAMS 0x0000000084500000, 0x0000000084500000| Untracked 
|  69|0x0000000084500000, 0x0000000084600000, 0x0000000084600000|100%| O|  |TAMS 0x0000000084600000, 0x0000000084600000| Untracked 
|  70|0x0000000084600000, 0x0000000084700000, 0x0000000084700000|100%| O|  |TAMS 0x0000000084700000, 0x0000000084700000| Untracked 
|  71|0x0000000084700000, 0x0000000084800000, 0x0000000084800000|100%|HS|  |TAMS 0x0000000084800000, 0x0000000084800000| Complete 
|  72|0x0000000084800000, 0x0000000084900000, 0x0000000084900000|100%|HC|  |TAMS 0x0000000084900000, 0x0000000084900000| Complete 
|  73|0x0000000084900000, 0x0000000084a00000, 0x0000000084a00000|100%|HC|  |TAMS 0x0000000084a00000, 0x0000000084a00000| Complete 
|  74|0x0000000084a00000, 0x0000000084b00000, 0x0000000084b00000|100%|HC|  |TAMS 0x0000000084b00000, 0x0000000084b00000| Complete 
|  75|0x0000000084b00000, 0x0000000084c00000, 0x0000000084c00000|100%| O|  |TAMS 0x0000000084c00000, 0x0000000084c00000| Untracked 
|  76|0x0000000084c00000, 0x0000000084d00000, 0x0000000084d00000|100%| O|  |TAMS 0x0000000084d00000, 0x0000000084d00000| Untracked 
|  77|0x0000000084d00000, 0x0000000084e00000, 0x0000000084e00000|100%| O|  |TAMS 0x0000000084e00000, 0x0000000084e00000| Untracked 
|  78|0x0000000084e00000, 0x0000000084f00000, 0x0000000084f00000|100%| O|  |TAMS 0x0000000084f00000, 0x0000000084f00000| Untracked 
|  79|0x0000000084f00000, 0x0000000085000000, 0x0000000085000000|100%| O|  |TAMS 0x0000000085000000, 0x0000000085000000| Untracked 
|  80|0x0000000085000000, 0x0000000085100000, 0x0000000085100000|100%| O|  |TAMS 0x0000000085100000, 0x0000000085100000| Untracked 
|  81|0x0000000085100000, 0x0000000085200000, 0x0000000085200000|100%| O|  |TAMS 0x0000000085200000, 0x0000000085200000| Untracked 
|  82|0x0000000085200000, 0x0000000085300000, 0x0000000085300000|100%|HS|  |TAMS 0x0000000085300000, 0x0000000085300000| Complete 
|  83|0x0000000085300000, 0x0000000085400000, 0x0000000085400000|100%|HC|  |TAMS 0x0000000085400000, 0x0000000085400000| Complete 
|  84|0x0000000085400000, 0x0000000085500000, 0x0000000085500000|100%|HC|  |TAMS 0x0000000085500000, 0x0000000085500000| Complete 
|  85|0x0000000085500000, 0x0000000085600000, 0x0000000085600000|100%|HC|  |TAMS 0x0000000085600000, 0x0000000085600000| Complete 
|  86|0x0000000085600000, 0x0000000085700000, 0x0000000085700000|100%|HC|  |TAMS 0x0000000085700000, 0x0000000085700000| Complete 
|  87|0x0000000085700000, 0x0000000085800000, 0x0000000085800000|100%|HC|  |TAMS 0x0000000085800000, 0x0000000085800000| Complete 
|  88|0x0000000085800000, 0x0000000085900000, 0x0000000085900000|100%| O|  |TAMS 0x0000000085900000, 0x0000000085900000| Untracked 
|  89|0x0000000085900000, 0x0000000085a00000, 0x0000000085a00000|100%| O|  |TAMS 0x0000000085a00000, 0x0000000085a00000| Untracked 
|  90|0x0000000085a00000, 0x0000000085b00000, 0x0000000085b00000|100%| O|  |TAMS 0x0000000085b00000, 0x0000000085b00000| Untracked 
|  91|0x0000000085b00000, 0x0000000085c00000, 0x0000000085c00000|100%| O|  |TAMS 0x0000000085c00000, 0x0000000085c00000| Untracked 
|  92|0x0000000085c00000, 0x0000000085d00000, 0x0000000085d00000|100%| O|  |TAMS 0x0000000085d00000, 0x0000000085d00000| Untracked 
|  93|0x0000000085d00000, 0x0000000085e00000, 0x0000000085e00000|100%| O|  |TAMS 0x0000000085e00000, 0x0000000085e00000| Untracked 
|  94|0x0000000085e00000, 0x0000000085f00000, 0x0000000085f00000|100%| O|  |TAMS 0x0000000085f00000, 0x0000000085f00000| Untracked 
|  95|0x0000000085f00000, 0x0000000086000000, 0x0000000086000000|100%| O|  |TAMS 0x0000000086000000, 0x0000000086000000| Untracked 
|  96|0x0000000086000000, 0x0000000086100000, 0x0000000086100000|100%| O|  |TAMS 0x0000000086100000, 0x0000000086100000| Untracked 
|  97|0x0000000086100000, 0x0000000086200000, 0x0000000086200000|100%| O|  |TAMS 0x0000000086200000, 0x0000000086200000| Untracked 
|  98|0x0000000086200000, 0x0000000086300000, 0x0000000086300000|100%| O|  |TAMS 0x0000000086300000, 0x0000000086300000| Untracked 
|  99|0x0000000086300000, 0x0000000086400000, 0x0000000086400000|100%| O|  |TAMS 0x0000000086400000, 0x0000000086400000| Untracked 
| 100|0x0000000086400000, 0x0000000086500000, 0x0000000086500000|100%| O|  |TAMS 0x0000000086500000, 0x0000000086500000| Untracked 
| 101|0x0000000086500000, 0x0000000086600000, 0x0000000086600000|100%| O|  |TAMS 0x0000000086600000, 0x0000000086600000| Untracked 
| 102|0x0000000086600000, 0x0000000086700000, 0x0000000086700000|100%| O|  |TAMS 0x0000000086700000, 0x0000000086700000| Untracked 
| 103|0x0000000086700000, 0x0000000086700000, 0x0000000086800000|  0%| F|  |TAMS 0x0000000086700000, 0x0000000086700000| Untracked 
| 104|0x0000000086800000, 0x0000000086800000, 0x0000000086900000|  0%| F|  |TAMS 0x0000000086800000, 0x0000000086800000| Untracked 
| 105|0x0000000086900000, 0x0000000086900000, 0x0000000086a00000|  0%| F|  |TAMS 0x0000000086900000, 0x0000000086900000| Untracked 
| 106|0x0000000086a00000, 0x0000000086a00000, 0x0000000086b00000|  0%| F|  |TAMS 0x0000000086a00000, 0x0000000086a00000| Untracked 
| 107|0x0000000086b00000, 0x0000000086c00000, 0x0000000086c00000|100%| O|  |TAMS 0x0000000086c00000, 0x0000000086c00000| Untracked 
| 108|0x0000000086c00000, 0x0000000086d00000, 0x0000000086d00000|100%| O|  |TAMS 0x0000000086d00000, 0x0000000086d00000| Untracked 
| 109|0x0000000086d00000, 0x0000000086e00000, 0x0000000086e00000|100%| O|  |TAMS 0x0000000086e00000, 0x0000000086e00000| Untracked 
| 110|0x0000000086e00000, 0x0000000086f00000, 0x0000000086f00000|100%| O|  |TAMS 0x0000000086f00000, 0x0000000086f00000| Untracked 
| 111|0x0000000086f00000, 0x0000000087000000, 0x0000000087000000|100%| O|  |TAMS 0x0000000087000000, 0x0000000087000000| Untracked 
| 112|0x0000000087000000, 0x0000000087100000, 0x0000000087100000|100%| O|  |TAMS 0x0000000087100000, 0x0000000087100000| Untracked 
| 113|0x0000000087100000, 0x0000000087200000, 0x0000000087200000|100%| O|  |TAMS 0x0000000087200000, 0x0000000087200000| Untracked 
| 114|0x0000000087200000, 0x0000000087300000, 0x0000000087300000|100%| O|  |TAMS 0x0000000087300000, 0x0000000087300000| Untracked 
| 115|0x0000000087300000, 0x0000000087400000, 0x0000000087400000|100%| O|  |TAMS 0x0000000087400000, 0x0000000087400000| Untracked 
| 116|0x0000000087400000, 0x0000000087500000, 0x0000000087500000|100%| O|  |TAMS 0x0000000087500000, 0x0000000087500000| Untracked 
| 117|0x0000000087500000, 0x0000000087600000, 0x0000000087600000|100%| O|  |TAMS 0x0000000087600000, 0x0000000087600000| Untracked 
| 118|0x0000000087600000, 0x0000000087700000, 0x0000000087700000|100%| O|  |TAMS 0x0000000087700000, 0x0000000087700000| Untracked 
| 119|0x0000000087700000, 0x0000000087800000, 0x0000000087800000|100%| O|  |TAMS 0x0000000087800000, 0x0000000087800000| Untracked 
| 120|0x0000000087800000, 0x0000000087900000, 0x0000000087900000|100%| O|  |TAMS 0x0000000087900000, 0x0000000087900000| Untracked 
| 121|0x0000000087900000, 0x0000000087a00000, 0x0000000087a00000|100%| O|  |TAMS 0x0000000087964c00, 0x0000000087a00000| Untracked 
| 122|0x0000000087a00000, 0x0000000087b00000, 0x0000000087b00000|100%| O|  |TAMS 0x0000000087a00000, 0x0000000087b00000| Untracked 
| 123|0x0000000087b00000, 0x0000000087c00000, 0x0000000087c00000|100%| O|  |TAMS 0x0000000087b00000, 0x0000000087c00000| Untracked 
| 124|0x0000000087c00000, 0x0000000087d00000, 0x0000000087d00000|100%| O|  |TAMS 0x0000000087c00000, 0x0000000087d00000| Untracked 
| 125|0x0000000087d00000, 0x0000000087e00000, 0x0000000087e00000|100%| O|  |TAMS 0x0000000087d00000, 0x0000000087e00000| Untracked 
| 126|0x0000000087e00000, 0x0000000087f00000, 0x0000000087f00000|100%| O|  |TAMS 0x0000000087e00000, 0x0000000087f00000| Untracked 
| 127|0x0000000087f00000, 0x0000000088000000, 0x0000000088000000|100%| O|  |TAMS 0x0000000087f00000, 0x0000000088000000| Untracked 
| 128|0x0000000088000000, 0x0000000088100000, 0x0000000088100000|100%| O|  |TAMS 0x0000000088000000, 0x0000000088100000| Untracked 
| 129|0x0000000088100000, 0x0000000088200000, 0x0000000088200000|100%| O|  |TAMS 0x0000000088100000, 0x0000000088200000| Untracked 
| 130|0x0000000088200000, 0x0000000088300000, 0x0000000088300000|100%|HS|  |TAMS 0x0000000088200000, 0x0000000088300000| Complete 
| 131|0x0000000088300000, 0x0000000088400000, 0x0000000088400000|100%|HS|  |TAMS 0x0000000088300000, 0x0000000088400000| Complete 
| 132|0x0000000088400000, 0x0000000088500000, 0x0000000088500000|100%|HC|  |TAMS 0x0000000088400000, 0x0000000088500000| Complete 
| 133|0x0000000088500000, 0x0000000088600000, 0x0000000088600000|100%|HS|  |TAMS 0x0000000088500000, 0x0000000088600000| Complete 
| 134|0x0000000088600000, 0x0000000088700000, 0x0000000088700000|100%|HS|  |TAMS 0x0000000088600000, 0x0000000088700000| Complete 
| 135|0x0000000088700000, 0x0000000088800000, 0x0000000088800000|100%|HS|  |TAMS 0x0000000088700000, 0x0000000088800000| Complete 
| 136|0x0000000088800000, 0x0000000088900000, 0x0000000088900000|100%|HC|  |TAMS 0x0000000088800000, 0x0000000088900000| Complete 
| 137|0x0000000088900000, 0x0000000088a00000, 0x0000000088a00000|100%|HC|  |TAMS 0x0000000088900000, 0x0000000088a00000| Complete 
| 138|0x0000000088a00000, 0x0000000088b00000, 0x0000000088b00000|100%|HC|  |TAMS 0x0000000088a00000, 0x0000000088b00000| Complete 
| 139|0x0000000088b00000, 0x0000000088c00000, 0x0000000088c00000|100%| O|  |TAMS 0x0000000088b00000, 0x0000000088c00000| Untracked 
| 140|0x0000000088c00000, 0x0000000088d00000, 0x0000000088d00000|100%| O|  |TAMS 0x0000000088c00000, 0x0000000088d00000| Untracked 
| 141|0x0000000088d00000, 0x0000000088e00000, 0x0000000088e00000|100%| O|  |TAMS 0x0000000088d00000, 0x0000000088e00000| Untracked 
| 142|0x0000000088e00000, 0x0000000088f00000, 0x0000000088f00000|100%| O|  |TAMS 0x0000000088e00000, 0x0000000088f00000| Untracked 
| 143|0x0000000088f00000, 0x0000000089000000, 0x0000000089000000|100%| O|  |TAMS 0x0000000088f00000, 0x0000000089000000| Untracked 
| 144|0x0000000089000000, 0x0000000089100000, 0x0000000089100000|100%| O|  |TAMS 0x0000000089000000, 0x0000000089100000| Untracked 
| 145|0x0000000089100000, 0x0000000089200000, 0x0000000089200000|100%| O|  |TAMS 0x0000000089100000, 0x0000000089200000| Untracked 
| 146|0x0000000089200000, 0x0000000089300000, 0x0000000089300000|100%| O|  |TAMS 0x0000000089200000, 0x0000000089300000| Untracked 
| 147|0x0000000089300000, 0x0000000089400000, 0x0000000089400000|100%| O|  |TAMS 0x0000000089300000, 0x0000000089400000| Untracked 
| 148|0x0000000089400000, 0x0000000089500000, 0x0000000089500000|100%| O|  |TAMS 0x0000000089400000, 0x0000000089500000| Untracked 
| 149|0x0000000089500000, 0x0000000089600000, 0x0000000089600000|100%| O|  |TAMS 0x0000000089500000, 0x0000000089600000| Untracked 
| 150|0x0000000089600000, 0x0000000089700000, 0x0000000089700000|100%| O|  |TAMS 0x0000000089600000, 0x0000000089700000| Untracked 
| 151|0x0000000089700000, 0x0000000089800000, 0x0000000089800000|100%| O|  |TAMS 0x0000000089700000, 0x0000000089800000| Untracked 
| 152|0x0000000089800000, 0x0000000089900000, 0x0000000089900000|100%| O|  |TAMS 0x0000000089800000, 0x0000000089900000| Untracked 
| 153|0x0000000089900000, 0x0000000089a00000, 0x0000000089a00000|100%| O|  |TAMS 0x0000000089900000, 0x0000000089a00000| Untracked 
| 154|0x0000000089a00000, 0x0000000089b00000, 0x0000000089b00000|100%| O|  |TAMS 0x0000000089a00000, 0x0000000089b00000| Untracked 
| 155|0x0000000089b00000, 0x0000000089c00000, 0x0000000089c00000|100%| O|  |TAMS 0x0000000089b00000, 0x0000000089c00000| Untracked 
| 156|0x0000000089c00000, 0x0000000089d00000, 0x0000000089d00000|100%| O|  |TAMS 0x0000000089c00000, 0x0000000089d00000| Untracked 
| 157|0x0000000089d00000, 0x0000000089e00000, 0x0000000089e00000|100%| O|  |TAMS 0x0000000089d00000, 0x0000000089e00000| Untracked 
| 158|0x0000000089e00000, 0x0000000089f00000, 0x0000000089f00000|100%| O|  |TAMS 0x0000000089e00000, 0x0000000089f00000| Untracked 
| 159|0x0000000089f00000, 0x0000000089f9b200, 0x000000008a000000| 60%| O|  |TAMS 0x0000000089f00000, 0x0000000089f9b200| Untracked 
| 160|0x000000008a000000, 0x000000008a000000, 0x000000008a100000|  0%| F|  |TAMS 0x000000008a000000, 0x000000008a000000| Untracked 
| 161|0x000000008a100000, 0x000000008a100000, 0x000000008a200000|  0%| F|  |TAMS 0x000000008a100000, 0x000000008a100000| Untracked 
| 162|0x000000008a200000, 0x000000008a200000, 0x000000008a300000|  0%| F|  |TAMS 0x000000008a200000, 0x000000008a200000| Untracked 
| 163|0x000000008a300000, 0x000000008a300000, 0x000000008a400000|  0%| F|  |TAMS 0x000000008a300000, 0x000000008a300000| Untracked 
| 164|0x000000008a400000, 0x000000008a400000, 0x000000008a500000|  0%| F|  |TAMS 0x000000008a400000, 0x000000008a400000| Untracked 
| 165|0x000000008a500000, 0x000000008a500000, 0x000000008a600000|  0%| F|  |TAMS 0x000000008a500000, 0x000000008a500000| Untracked 
| 166|0x000000008a600000, 0x000000008a600000, 0x000000008a700000|  0%| F|  |TAMS 0x000000008a600000, 0x000000008a600000| Untracked 
| 167|0x000000008a700000, 0x000000008a700000, 0x000000008a800000|  0%| F|  |TAMS 0x000000008a700000, 0x000000008a700000| Untracked 
| 168|0x000000008a800000, 0x000000008a800000, 0x000000008a900000|  0%| F|  |TAMS 0x000000008a800000, 0x000000008a800000| Untracked 
| 169|0x000000008a900000, 0x000000008a900000, 0x000000008aa00000|  0%| F|  |TAMS 0x000000008a900000, 0x000000008a900000| Untracked 
| 170|0x000000008aa00000, 0x000000008aa00000, 0x000000008ab00000|  0%| F|  |TAMS 0x000000008aa00000, 0x000000008aa00000| Untracked 
| 171|0x000000008ab00000, 0x000000008ab00000, 0x000000008ac00000|  0%| F|  |TAMS 0x000000008ab00000, 0x000000008ab00000| Untracked 
| 172|0x000000008ac00000, 0x000000008ac00000, 0x000000008ad00000|  0%| F|  |TAMS 0x000000008ac00000, 0x000000008ac00000| Untracked 
| 173|0x000000008ad00000, 0x000000008ad00000, 0x000000008ae00000|  0%| F|  |TAMS 0x000000008ad00000, 0x000000008ad00000| Untracked 
| 174|0x000000008ae00000, 0x000000008ae00000, 0x000000008af00000|  0%| F|  |TAMS 0x000000008ae00000, 0x000000008ae00000| Untracked 
| 175|0x000000008af00000, 0x000000008af00000, 0x000000008b000000|  0%| F|  |TAMS 0x000000008af00000, 0x000000008af00000| Untracked 
| 176|0x000000008b000000, 0x000000008b000000, 0x000000008b100000|  0%| F|  |TAMS 0x000000008b000000, 0x000000008b000000| Untracked 
| 177|0x000000008b100000, 0x000000008b100000, 0x000000008b200000|  0%| F|  |TAMS 0x000000008b100000, 0x000000008b100000| Untracked 
| 178|0x000000008b200000, 0x000000008b200000, 0x000000008b300000|  0%| F|  |TAMS 0x000000008b200000, 0x000000008b200000| Untracked 
| 179|0x000000008b300000, 0x000000008b300000, 0x000000008b400000|  0%| F|  |TAMS 0x000000008b300000, 0x000000008b300000| Untracked 
| 180|0x000000008b400000, 0x000000008b400000, 0x000000008b500000|  0%| F|  |TAMS 0x000000008b400000, 0x000000008b400000| Untracked 
| 181|0x000000008b500000, 0x000000008b500000, 0x000000008b600000|  0%| F|  |TAMS 0x000000008b500000, 0x000000008b500000| Untracked 
| 182|0x000000008b600000, 0x000000008b600000, 0x000000008b700000|  0%| F|  |TAMS 0x000000008b600000, 0x000000008b600000| Untracked 
| 183|0x000000008b700000, 0x000000008b700000, 0x000000008b800000|  0%| F|  |TAMS 0x000000008b700000, 0x000000008b700000| Untracked 
| 184|0x000000008b800000, 0x000000008b800000, 0x000000008b900000|  0%| F|  |TAMS 0x000000008b800000, 0x000000008b800000| Untracked 
| 185|0x000000008b900000, 0x000000008b900000, 0x000000008ba00000|  0%| F|  |TAMS 0x000000008b900000, 0x000000008b900000| Untracked 
| 186|0x000000008ba00000, 0x000000008ba00000, 0x000000008bb00000|  0%| F|  |TAMS 0x000000008ba00000, 0x000000008ba00000| Untracked 
| 187|0x000000008bb00000, 0x000000008bb00000, 0x000000008bc00000|  0%| F|  |TAMS 0x000000008bb00000, 0x000000008bb00000| Untracked 
| 188|0x000000008bc00000, 0x000000008bc00000, 0x000000008bd00000|  0%| F|  |TAMS 0x000000008bc00000, 0x000000008bc00000| Untracked 
| 189|0x000000008bd00000, 0x000000008bd00000, 0x000000008be00000|  0%| F|  |TAMS 0x000000008bd00000, 0x000000008bd00000| Untracked 
| 190|0x000000008be00000, 0x000000008be00000, 0x000000008bf00000|  0%| F|  |TAMS 0x000000008be00000, 0x000000008be00000| Untracked 
| 191|0x000000008bf00000, 0x000000008bf00000, 0x000000008c000000|  0%| F|  |TAMS 0x000000008bf00000, 0x000000008bf00000| Untracked 
| 192|0x000000008c000000, 0x000000008c000000, 0x000000008c100000|  0%| F|  |TAMS 0x000000008c000000, 0x000000008c000000| Untracked 
| 193|0x000000008c100000, 0x000000008c100000, 0x000000008c200000|  0%| F|  |TAMS 0x000000008c100000, 0x000000008c100000| Untracked 
| 194|0x000000008c200000, 0x000000008c200000, 0x000000008c300000|  0%| F|  |TAMS 0x000000008c200000, 0x000000008c200000| Untracked 
| 195|0x000000008c300000, 0x000000008c300000, 0x000000008c400000|  0%| F|  |TAMS 0x000000008c300000, 0x000000008c300000| Untracked 
| 196|0x000000008c400000, 0x000000008c400000, 0x000000008c500000|  0%| F|  |TAMS 0x000000008c400000, 0x000000008c400000| Untracked 
| 197|0x000000008c500000, 0x000000008c500000, 0x000000008c600000|  0%| F|  |TAMS 0x000000008c500000, 0x000000008c500000| Untracked 
| 198|0x000000008c600000, 0x000000008c600000, 0x000000008c700000|  0%| F|  |TAMS 0x000000008c600000, 0x000000008c600000| Untracked 
| 199|0x000000008c700000, 0x000000008c700000, 0x000000008c800000|  0%| F|  |TAMS 0x000000008c700000, 0x000000008c700000| Untracked 
| 200|0x000000008c800000, 0x000000008c88f080, 0x000000008c900000| 55%| S|CS|TAMS 0x000000008c800000, 0x000000008c800000| Complete 
| 201|0x000000008c900000, 0x000000008ca00000, 0x000000008ca00000|100%| S|CS|TAMS 0x000000008c900000, 0x000000008c900000| Complete 
| 202|0x000000008ca00000, 0x000000008cb00000, 0x000000008cb00000|100%| S|CS|TAMS 0x000000008ca00000, 0x000000008ca00000| Complete 
| 203|0x000000008cb00000, 0x000000008cc00000, 0x000000008cc00000|100%| S|CS|TAMS 0x000000008cb00000, 0x000000008cb00000| Complete 
| 204|0x000000008cc00000, 0x000000008cd00000, 0x000000008cd00000|100%| S|CS|TAMS 0x000000008cc00000, 0x000000008cc00000| Complete 
| 205|0x000000008cd00000, 0x000000008ce00000, 0x000000008ce00000|100%| S|CS|TAMS 0x000000008cd00000, 0x000000008cd00000| Complete 
| 206|0x000000008ce00000, 0x000000008cf00000, 0x000000008cf00000|100%| S|CS|TAMS 0x000000008ce00000, 0x000000008ce00000| Complete 
| 207|0x000000008cf00000, 0x000000008d000000, 0x000000008d000000|100%| S|CS|TAMS 0x000000008cf00000, 0x000000008cf00000| Complete 
| 208|0x000000008d000000, 0x000000008d100000, 0x000000008d100000|100%| S|CS|TAMS 0x000000008d000000, 0x000000008d000000| Complete 
| 209|0x000000008d100000, 0x000000008d100000, 0x000000008d200000|  0%| F|  |TAMS 0x000000008d100000, 0x000000008d100000| Untracked 
| 210|0x000000008d200000, 0x000000008d200000, 0x000000008d300000|  0%| F|  |TAMS 0x000000008d200000, 0x000000008d200000| Untracked 
| 211|0x000000008d300000, 0x000000008d300000, 0x000000008d400000|  0%| F|  |TAMS 0x000000008d300000, 0x000000008d300000| Untracked 
| 212|0x000000008d400000, 0x000000008d400000, 0x000000008d500000|  0%| F|  |TAMS 0x000000008d400000, 0x000000008d400000| Untracked 
| 213|0x000000008d500000, 0x000000008d500000, 0x000000008d600000|  0%| F|  |TAMS 0x000000008d500000, 0x000000008d500000| Untracked 
| 214|0x000000008d600000, 0x000000008d600000, 0x000000008d700000|  0%| F|  |TAMS 0x000000008d600000, 0x000000008d600000| Untracked 
| 215|0x000000008d700000, 0x000000008d700000, 0x000000008d800000|  0%| F|  |TAMS 0x000000008d700000, 0x000000008d700000| Untracked 
| 216|0x000000008d800000, 0x000000008d800000, 0x000000008d900000|  0%| F|  |TAMS 0x000000008d800000, 0x000000008d800000| Untracked 
| 217|0x000000008d900000, 0x000000008d900000, 0x000000008da00000|  0%| F|  |TAMS 0x000000008d900000, 0x000000008d900000| Untracked 
| 218|0x000000008da00000, 0x000000008da00000, 0x000000008db00000|  0%| F|  |TAMS 0x000000008da00000, 0x000000008da00000| Untracked 
| 219|0x000000008db00000, 0x000000008db00000, 0x000000008dc00000|  0%| F|  |TAMS 0x000000008db00000, 0x000000008db00000| Untracked 
| 220|0x000000008dc00000, 0x000000008dc00000, 0x000000008dd00000|  0%| F|  |TAMS 0x000000008dc00000, 0x000000008dc00000| Untracked 
| 221|0x000000008dd00000, 0x000000008dd00000, 0x000000008de00000|  0%| F|  |TAMS 0x000000008dd00000, 0x000000008dd00000| Untracked 
| 222|0x000000008de00000, 0x000000008de00000, 0x000000008df00000|  0%| F|  |TAMS 0x000000008de00000, 0x000000008de00000| Untracked 
| 223|0x000000008df00000, 0x000000008df00000, 0x000000008e000000|  0%| F|  |TAMS 0x000000008df00000, 0x000000008df00000| Untracked 
| 224|0x000000008e000000, 0x000000008e000000, 0x000000008e100000|  0%| F|  |TAMS 0x000000008e000000, 0x000000008e000000| Untracked 
| 225|0x000000008e100000, 0x000000008e100000, 0x000000008e200000|  0%| F|  |TAMS 0x000000008e100000, 0x000000008e100000| Untracked 
| 226|0x000000008e200000, 0x000000008e200000, 0x000000008e300000|  0%| F|  |TAMS 0x000000008e200000, 0x000000008e200000| Untracked 
| 227|0x000000008e300000, 0x000000008e300000, 0x000000008e400000|  0%| F|  |TAMS 0x000000008e300000, 0x000000008e300000| Untracked 
| 228|0x000000008e400000, 0x000000008e400000, 0x000000008e500000|  0%| F|  |TAMS 0x000000008e400000, 0x000000008e400000| Untracked 
| 229|0x000000008e500000, 0x000000008e500000, 0x000000008e600000|  0%| F|  |TAMS 0x000000008e500000, 0x000000008e500000| Untracked 
| 230|0x000000008e600000, 0x000000008e600000, 0x000000008e700000|  0%| F|  |TAMS 0x000000008e600000, 0x000000008e600000| Untracked 
| 231|0x000000008e700000, 0x000000008e700000, 0x000000008e800000|  0%| F|  |TAMS 0x000000008e700000, 0x000000008e700000| Untracked 
| 232|0x000000008e800000, 0x000000008e800000, 0x000000008e900000|  0%| F|  |TAMS 0x000000008e800000, 0x000000008e800000| Untracked 
| 233|0x000000008e900000, 0x000000008e900000, 0x000000008ea00000|  0%| F|  |TAMS 0x000000008e900000, 0x000000008e900000| Untracked 
| 234|0x000000008ea00000, 0x000000008ea00000, 0x000000008eb00000|  0%| F|  |TAMS 0x000000008ea00000, 0x000000008ea00000| Untracked 
| 235|0x000000008eb00000, 0x000000008eb00000, 0x000000008ec00000|  0%| F|  |TAMS 0x000000008eb00000, 0x000000008eb00000| Untracked 
| 236|0x000000008ec00000, 0x000000008ec00000, 0x000000008ed00000|  0%| F|  |TAMS 0x000000008ec00000, 0x000000008ec00000| Untracked 
| 237|0x000000008ed00000, 0x000000008ed00000, 0x000000008ee00000|  0%| F|  |TAMS 0x000000008ed00000, 0x000000008ed00000| Untracked 
| 238|0x000000008ee00000, 0x000000008ee00000, 0x000000008ef00000|  0%| F|  |TAMS 0x000000008ee00000, 0x000000008ee00000| Untracked 
| 239|0x000000008ef00000, 0x000000008ef00000, 0x000000008f000000|  0%| F|  |TAMS 0x000000008ef00000, 0x000000008ef00000| Untracked 
| 240|0x000000008f000000, 0x000000008f000000, 0x000000008f100000|  0%| F|  |TAMS 0x000000008f000000, 0x000000008f000000| Untracked 
| 241|0x000000008f100000, 0x000000008f100000, 0x000000008f200000|  0%| F|  |TAMS 0x000000008f100000, 0x000000008f100000| Untracked 
| 242|0x000000008f200000, 0x000000008f200000, 0x000000008f300000|  0%| F|  |TAMS 0x000000008f200000, 0x000000008f200000| Untracked 
| 243|0x000000008f300000, 0x000000008f300000, 0x000000008f400000|  0%| F|  |TAMS 0x000000008f300000, 0x000000008f300000| Untracked 
| 244|0x000000008f400000, 0x000000008f400000, 0x000000008f500000|  0%| F|  |TAMS 0x000000008f400000, 0x000000008f400000| Untracked 
| 245|0x000000008f500000, 0x000000008f500000, 0x000000008f600000|  0%| F|  |TAMS 0x000000008f500000, 0x000000008f500000| Untracked 
| 246|0x000000008f600000, 0x000000008f600000, 0x000000008f700000|  0%| F|  |TAMS 0x000000008f600000, 0x000000008f600000| Untracked 
| 247|0x000000008f700000, 0x000000008f700000, 0x000000008f800000|  0%| F|  |TAMS 0x000000008f700000, 0x000000008f700000| Untracked 
| 248|0x000000008f800000, 0x000000008f800000, 0x000000008f900000|  0%| F|  |TAMS 0x000000008f800000, 0x000000008f800000| Untracked 
| 249|0x000000008f900000, 0x000000008f900000, 0x000000008fa00000|  0%| F|  |TAMS 0x000000008f900000, 0x000000008f900000| Untracked 
| 250|0x000000008fa00000, 0x000000008fa00000, 0x000000008fb00000|  0%| F|  |TAMS 0x000000008fa00000, 0x000000008fa00000| Untracked 
| 251|0x000000008fb00000, 0x000000008fb00000, 0x000000008fc00000|  0%| F|  |TAMS 0x000000008fb00000, 0x000000008fb00000| Untracked 
| 252|0x000000008fc00000, 0x000000008fc00000, 0x000000008fd00000|  0%| F|  |TAMS 0x000000008fc00000, 0x000000008fc00000| Untracked 
| 253|0x000000008fd00000, 0x000000008fd00000, 0x000000008fe00000|  0%| F|  |TAMS 0x000000008fd00000, 0x000000008fd00000| Untracked 
| 254|0x000000008fe00000, 0x000000008fe00000, 0x000000008ff00000|  0%| F|  |TAMS 0x000000008fe00000, 0x000000008fe00000| Untracked 
| 255|0x000000008ff00000, 0x000000008ff00000, 0x0000000090000000|  0%| F|  |TAMS 0x000000008ff00000, 0x000000008ff00000| Untracked 
| 256|0x0000000090000000, 0x0000000090000000, 0x0000000090100000|  0%| F|  |TAMS 0x0000000090000000, 0x0000000090000000| Untracked 
| 257|0x0000000090100000, 0x0000000090100000, 0x0000000090200000|  0%| F|  |TAMS 0x0000000090100000, 0x0000000090100000| Untracked 
| 258|0x0000000090200000, 0x0000000090200000, 0x0000000090300000|  0%| F|  |TAMS 0x0000000090200000, 0x0000000090200000| Untracked 
| 259|0x0000000090300000, 0x0000000090300000, 0x0000000090400000|  0%| F|  |TAMS 0x0000000090300000, 0x0000000090300000| Untracked 
| 260|0x0000000090400000, 0x0000000090400000, 0x0000000090500000|  0%| F|  |TAMS 0x0000000090400000, 0x0000000090400000| Untracked 
| 261|0x0000000090500000, 0x0000000090500000, 0x0000000090600000|  0%| F|  |TAMS 0x0000000090500000, 0x0000000090500000| Untracked 
| 262|0x0000000090600000, 0x0000000090600000, 0x0000000090700000|  0%| F|  |TAMS 0x0000000090600000, 0x0000000090600000| Untracked 
| 263|0x0000000090700000, 0x0000000090700000, 0x0000000090800000|  0%| F|  |TAMS 0x0000000090700000, 0x0000000090700000| Untracked 
| 264|0x0000000090800000, 0x0000000090800000, 0x0000000090900000|  0%| F|  |TAMS 0x0000000090800000, 0x0000000090800000| Untracked 
| 265|0x0000000090900000, 0x0000000090900000, 0x0000000090a00000|  0%| F|  |TAMS 0x0000000090900000, 0x0000000090900000| Untracked 
| 266|0x0000000090a00000, 0x0000000090a00000, 0x0000000090b00000|  0%| F|  |TAMS 0x0000000090a00000, 0x0000000090a00000| Untracked 
| 267|0x0000000090b00000, 0x0000000090b00000, 0x0000000090c00000|  0%| F|  |TAMS 0x0000000090b00000, 0x0000000090b00000| Untracked 
| 268|0x0000000090c00000, 0x0000000090c00000, 0x0000000090d00000|  0%| F|  |TAMS 0x0000000090c00000, 0x0000000090c00000| Untracked 
| 269|0x0000000090d00000, 0x0000000090d00000, 0x0000000090e00000|  0%| F|  |TAMS 0x0000000090d00000, 0x0000000090d00000| Untracked 
| 270|0x0000000090e00000, 0x0000000090e00000, 0x0000000090f00000|  0%| F|  |TAMS 0x0000000090e00000, 0x0000000090e00000| Untracked 
| 271|0x0000000090f00000, 0x0000000090f00000, 0x0000000091000000|  0%| F|  |TAMS 0x0000000090f00000, 0x0000000090f00000| Untracked 
| 272|0x0000000091000000, 0x0000000091000000, 0x0000000091100000|  0%| F|  |TAMS 0x0000000091000000, 0x0000000091000000| Untracked 
| 273|0x0000000091100000, 0x0000000091100000, 0x0000000091200000|  0%| F|  |TAMS 0x0000000091100000, 0x0000000091100000| Untracked 

Card table byte_map: [0x000001cc78a10000,0x000001cc78e10000] _byte_map_base: 0x000001cc78610000

Marking Bits (Prev, Next): (CMBitMap*) 0x000001cc65e648f0, (CMBitMap*) 0x000001cc65e64930
 Prev Bits: [0x000001cc79210000, 0x000001cc7b210000)
 Next Bits: [0x000001cc7b210000, 0x000001cc7d210000)

Polling page: 0x000001cc63de0000

Metaspace:

Usage:
  Non-class:    110.54 MB used.
      Class:     16.11 MB used.
       Both:    126.64 MB used.

Virtual space:
  Non-class space:      112.00 MB reserved,     110.94 MB (>99%) committed,  14 nodes.
      Class space:        1.00 GB reserved,      16.44 MB (  2%) committed,  1 nodes.
             Both:        1.11 GB reserved,     127.38 MB ( 11%) committed. 

Chunk freelists:
   Non-Class:  656.00 KB
       Class:  3.58 MB
        Both:  4.22 MB

MaxMetaspaceSize: unlimited
CompressedClassSpaceSize: 1.00 GB
Initial GC threshold: 21.00 MB
Current GC threshold: 211.38 MB
CDS: off
MetaspaceReclaimPolicy: balanced
 - commit_granule_bytes: 65536.
 - commit_granule_words: 8192.
 - virtual_space_node_default_size: 1048576.
 - enlarge_chunks_in_place: 1.
 - new_chunks_are_fully_committed: 0.
 - uncommit_free_chunks: 1.
 - use_allocation_guard: 0.
 - handle_deallocations: 1.


Internal statistics:

num_allocs_failed_limit: 11.
num_arena_births: 882.
num_arena_deaths: 0.
num_vsnodes_births: 15.
num_vsnodes_deaths: 0.
num_space_committed: 2036.
num_space_uncommitted: 0.
num_chunks_returned_to_freelist: 11.
num_chunks_taken_from_freelist: 5072.
num_chunk_merges: 11.
num_chunk_splits: 3881.
num_chunks_enlarged: 3117.
num_purges: 0.
num_inconsistent_stats: 0.

CodeHeap 'non-profiled nmethods': size=120000Kb used=5823Kb max_used=5823Kb free=114176Kb
 bounds [0x000001cc70da0000, 0x000001cc71350000, 0x000001cc782d0000]
CodeHeap 'profiled nmethods': size=120000Kb used=22866Kb max_used=22866Kb free=97133Kb
 bounds [0x000001cc692d0000, 0x000001cc6a930000, 0x000001cc70800000]
CodeHeap 'non-nmethods': size=5760Kb used=2544Kb max_used=2611Kb free=3215Kb
 bounds [0x000001cc70800000, 0x000001cc70ab0000, 0x000001cc70da0000]
 total_blobs=12269 nmethods=11166 adapters=1014
 compilation: enabled
              stopped_count=0, restarted_count=0
 full_count=0

Compilation events (20 events):
Event: 22.373 Thread 0x000001cc008397f0 nmethod 12771 0x000001cc7134e390 code [0x000001cc7134e520, 0x000001cc7134e5f8]
Event: 22.374 Thread 0x000001cc008397f0 12764       1       org.jetbrains.kotlin.ir.declarations.impl.IrValueParameterImpl::getVarargElementType (5 bytes)
Event: 22.374 Thread 0x000001cc008397f0 nmethod 12764 0x000001cc7134e690 code [0x000001cc7134e820, 0x000001cc7134e8f8]
Event: 22.374 Thread 0x000001cc008397f0 12772       1       org.jetbrains.kotlin.ir.declarations.impl.IrValueParameterImpl::isAssignable (5 bytes)
Event: 22.374 Thread 0x000001cc008397f0 nmethod 12772 0x000001cc7134e990 code [0x000001cc7134eb20, 0x000001cc7134ebf8]
Event: 22.374 Thread 0x000001cc008397f0 12784       1       org.jetbrains.kotlin.ir.declarations.impl.IrFunctionCommonImpl::getVisibility (5 bytes)
Event: 22.374 Thread 0x000001cc008397f0 nmethod 12784 0x000001cc7134ec90 code [0x000001cc7134ee20, 0x000001cc7134eef8]
Event: 22.374 Thread 0x000001cc008397f0 12765       1       org.jetbrains.kotlin.psi2ir.descriptors.IrBuiltInsOverDescriptors::getAnyNType (5 bytes)
Event: 22.374 Thread 0x000001cc008397f0 nmethod 12765 0x000001cc7134ef90 code [0x000001cc7134f120, 0x000001cc7134f1f8]
Event: 22.374 Thread 0x000001cc008397f0 12785       2       org.jetbrains.kotlin.ir.expressions.impl.IrExpressionBodyImpl::getExpression (17 bytes)
Event: 22.375 Thread 0x000001cc008397f0 nmethod 12785 0x000001cc6a924310 code [0x000001cc6a924520, 0x000001cc6a9248d8]
Event: 22.375 Thread 0x000001cc008397f0 12786       1       org.jetbrains.kotlin.ir.declarations.impl.IrFileImpl::getDeclarations (5 bytes)
Event: 22.375 Thread 0x000001cc008397f0 nmethod 12786 0x000001cc7134f290 code [0x000001cc7134f420, 0x000001cc7134f4f8]
Event: 22.375 Thread 0x000001cc008397f0 12787       1       org.jetbrains.kotlin.ir.declarations.impl.IrFieldImpl::setInitializer (6 bytes)
Event: 22.375 Thread 0x000001cc008397f0 nmethod 12787 0x000001cc7134f590 code [0x000001cc7134f720, 0x000001cc7134f838]
Event: 22.375 Thread 0x000001cc008397f0 12769       1       org.jetbrains.kotlin.ir.declarations.impl.IrValueParameterImpl::getEndOffset (5 bytes)
Event: 22.375 Thread 0x000001cc008397f0 nmethod 12769 0x000001cc7134f890 code [0x000001cc7134fa20, 0x000001cc7134faf8]
Event: 22.375 Thread 0x000001cc008397f0 12788       1       org.jetbrains.kotlin.backend.common.phaser.PhaseConfig::getEnabled (5 bytes)
Event: 22.375 Thread 0x000001cc008397f0 nmethod 12788 0x000001cc7134fb90 code [0x000001cc7134fd20, 0x000001cc7134fdf8]
Event: 22.375 Thread 0x000001cc008397f0 12789       1       org.jetbrains.kotlin.backend.common.phaser.PhaseConfig::getVerbose (5 bytes)

GC Heap History (20 events):
Event: 10.009 GC heap after
{Heap after GC invocations=33 (full 0):
 garbage-first heap   total 280576K, used 79918K [0x0000000080000000, 0x0000000100000000)
  region size 1024K, 3 young (3072K), 3 survivors (3072K)
 Metaspace       used 72069K, committed 72768K, reserved 1114112K
  class space    used 10076K, committed 10368K, reserved 1048576K
}
Event: 11.760 GC heap before
{Heap before GC invocations=33 (full 0):
 garbage-first heap   total 280576K, used 235566K [0x0000000080000000, 0x0000000100000000)
  region size 1024K, 143 young (146432K), 3 survivors (3072K)
 Metaspace       used 85774K, committed 86464K, reserved 1130496K
  class space    used 11546K, committed 11840K, reserved 1048576K
}
Event: 11.775 GC heap after
{Heap after GC invocations=34 (full 0):
 garbage-first heap   total 280576K, used 102979K [0x0000000080000000, 0x0000000100000000)
  region size 1024K, 18 young (18432K), 18 survivors (18432K)
 Metaspace       used 85774K, committed 86464K, reserved 1130496K
  class space    used 11546K, committed 11840K, reserved 1048576K
}
Event: 13.031 GC heap before
{Heap before GC invocations=34 (full 0):
 garbage-first heap   total 280576K, used 216643K [0x0000000080000000, 0x0000000100000000)
  region size 1024K, 128 young (131072K), 18 survivors (18432K)
 Metaspace       used 94301K, committed 95040K, reserved 1138688K
  class space    used 12547K, committed 12864K, reserved 1048576K
}
Event: 13.051 GC heap after
{Heap after GC invocations=35 (full 0):
 garbage-first heap   total 280576K, used 110905K [0x0000000080000000, 0x0000000100000000)
  region size 1024K, 8 young (8192K), 8 survivors (8192K)
 Metaspace       used 94301K, committed 95040K, reserved 1138688K
  class space    used 12547K, committed 12864K, reserved 1048576K
}
Event: 15.548 GC heap before
{Heap before GC invocations=35 (full 0):
 garbage-first heap   total 280576K, used 222521K [0x0000000080000000, 0x0000000100000000)
  region size 1024K, 117 young (119808K), 8 survivors (8192K)
 Metaspace       used 109386K, committed 110016K, reserved 1146880K
  class space    used 14272K, committed 14528K, reserved 1048576K
}
Event: 15.558 GC heap after
{Heap after GC invocations=36 (full 0):
 garbage-first heap   total 280576K, used 116593K [0x0000000080000000, 0x0000000100000000)
  region size 1024K, 14 young (14336K), 14 survivors (14336K)
 Metaspace       used 109386K, committed 110016K, reserved 1146880K
  class space    used 14272K, committed 14528K, reserved 1048576K
}
Event: 15.644 GC heap before
{Heap before GC invocations=36 (full 0):
 garbage-first heap   total 280576K, used 120689K [0x0000000080000000, 0x0000000100000000)
  region size 1024K, 19 young (19456K), 14 survivors (14336K)
 Metaspace       used 110342K, committed 110976K, reserved 1146880K
  class space    used 14367K, committed 14656K, reserved 1048576K
}
Event: 15.653 GC heap after
{Heap after GC invocations=37 (full 0):
 garbage-first heap   total 280576K, used 117211K [0x0000000080000000, 0x0000000100000000)
  region size 1024K, 7 young (7168K), 7 survivors (7168K)
 Metaspace       used 110342K, committed 110976K, reserved 1146880K
  class space    used 14367K, committed 14656K, reserved 1048576K
}
Event: 20.182 GC heap before
{Heap before GC invocations=38 (full 0):
 garbage-first heap   total 280576K, used 230875K [0x0000000080000000, 0x0000000100000000)
  region size 1024K, 119 young (121856K), 7 survivors (7168K)
 Metaspace       used 125380K, committed 126144K, reserved 1163264K
  class space    used 16084K, committed 16448K, reserved 1048576K
}
Event: 20.195 GC heap after
{Heap after GC invocations=39 (full 0):
 garbage-first heap   total 280576K, used 124098K [0x0000000080000000, 0x0000000100000000)
  region size 1024K, 14 young (14336K), 14 survivors (14336K)
 Metaspace       used 125380K, committed 126144K, reserved 1163264K
  class space    used 16084K, committed 16448K, reserved 1048576K
}
Event: 20.226 GC heap before
{Heap before GC invocations=39 (full 0):
 garbage-first heap   total 280576K, used 125122K [0x0000000080000000, 0x0000000100000000)
  region size 1024K, 15 young (15360K), 14 survivors (14336K)
 Metaspace       used 125422K, committed 126208K, reserved 1163264K
  class space    used 16084K, committed 16448K, reserved 1048576K
}
Event: 20.238 GC heap after
{Heap after GC invocations=40 (full 0):
 garbage-first heap   total 280576K, used 125175K [0x0000000080000000, 0x0000000100000000)
  region size 1024K, 2 young (2048K), 2 survivors (2048K)
 Metaspace       used 125422K, committed 126208K, reserved 1163264K
  class space    used 16084K, committed 16448K, reserved 1048576K
}
Event: 21.440 GC heap before
{Heap before GC invocations=40 (full 0):
 garbage-first heap   total 280576K, used 197879K [0x0000000080000000, 0x0000000100000000)
  region size 1024K, 71 young (72704K), 2 survivors (2048K)
 Metaspace       used 129053K, committed 129856K, reserved 1163264K
  class space    used 16485K, committed 16832K, reserved 1048576K
}
Event: 21.448 GC heap after
{Heap after GC invocations=41 (full 0):
 garbage-first heap   total 280576K, used 134435K [0x0000000080000000, 0x0000000100000000)
  region size 1024K, 8 young (8192K), 8 survivors (8192K)
 Metaspace       used 129053K, committed 129856K, reserved 1163264K
  class space    used 16485K, committed 16832K, reserved 1048576K
}
Event: 21.995 GC heap before
{Heap before GC invocations=42 (full 0):
 garbage-first heap   total 280576K, used 241955K [0x0000000080000000, 0x0000000100000000)
  region size 1024K, 98 young (100352K), 8 survivors (8192K)
 Metaspace       used 129247K, committed 130048K, reserved 1163264K
  class space    used 16485K, committed 16832K, reserved 1048576K
}
Event: 22.014 GC heap after
{Heap after GC invocations=43 (full 0):
 garbage-first heap   total 280576K, used 162024K [0x0000000080000000, 0x0000000100000000)
  region size 1024K, 13 young (13312K), 13 survivors (13312K)
 Metaspace       used 129247K, committed 130048K, reserved 1163264K
  class space    used 16485K, committed 16832K, reserved 1048576K
}
Event: 22.015 GC heap before
{Heap before GC invocations=43 (full 0):
 garbage-first heap   total 280576K, used 163048K [0x0000000080000000, 0x0000000100000000)
  region size 1024K, 14 young (14336K), 13 survivors (13312K)
 Metaspace       used 129247K, committed 130048K, reserved 1163264K
  class space    used 16485K, committed 16832K, reserved 1048576K
}
Event: 22.024 GC heap after
{Heap after GC invocations=44 (full 0):
 garbage-first heap   total 280576K, used 161388K [0x0000000080000000, 0x0000000100000000)
  region size 1024K, 2 young (2048K), 2 survivors (2048K)
 Metaspace       used 129247K, committed 130048K, reserved 1163264K
  class space    used 16485K, committed 16832K, reserved 1048576K
}
Event: 22.376 GC heap before
{Heap before GC invocations=44 (full 0):
 garbage-first heap   total 280576K, used 225900K [0x0000000080000000, 0x0000000100000000)
  region size 1024K, 65 young (66560K), 2 survivors (2048K)
 Metaspace       used 129680K, committed 130432K, reserved 1163264K
  class space    used 16492K, committed 16832K, reserved 1048576K
}

Dll operation events (2 events):
Event: 0.011 Loaded shared library D:\Android\Android Studio\jbr\bin\java.dll
Event: 0.439 Loaded shared library D:\Android\Android Studio\jbr\bin\verify.dll

Deoptimization events (20 events):
Event: 22.124 Thread 0x000001cc01b37860 Uncommon trap: trap_request=0xffffffbe fr.pc=0x000001cc7119776c relative=0x00000000000015cc
Event: 22.124 Thread 0x000001cc01b37860 Uncommon trap: reason=profile_predicate action=maybe_recompile pc=0x000001cc7119776c method=gnu.trove.TObjectHash.insertionIndex(Ljava/lang/Object;)I @ 115 c2
Event: 22.124 Thread 0x000001cc01b37860 DEOPT PACKING pc=0x000001cc7119776c sp=0x000000439c7f39b0
Event: 22.124 Thread 0x000001cc01b37860 DEOPT UNPACKING pc=0x000001cc708569a3 sp=0x000000439c7f3928 mode 2
Event: 22.124 Thread 0x000001cc01b37860 Uncommon trap: trap_request=0xffffffbe fr.pc=0x000001cc7119776c relative=0x00000000000015cc
Event: 22.124 Thread 0x000001cc01b37860 Uncommon trap: reason=profile_predicate action=maybe_recompile pc=0x000001cc7119776c method=gnu.trove.TObjectHash.insertionIndex(Ljava/lang/Object;)I @ 115 c2
Event: 22.124 Thread 0x000001cc01b37860 DEOPT PACKING pc=0x000001cc7119776c sp=0x000000439c7f3990
Event: 22.124 Thread 0x000001cc01b37860 DEOPT UNPACKING pc=0x000001cc708569a3 sp=0x000000439c7f3908 mode 2
Event: 22.124 Thread 0x000001cc01b37860 Uncommon trap: trap_request=0xffffffbe fr.pc=0x000001cc7119776c relative=0x00000000000015cc
Event: 22.124 Thread 0x000001cc01b37860 Uncommon trap: reason=profile_predicate action=maybe_recompile pc=0x000001cc7119776c method=gnu.trove.TObjectHash.insertionIndex(Ljava/lang/Object;)I @ 115 c2
Event: 22.124 Thread 0x000001cc01b37860 DEOPT PACKING pc=0x000001cc7119776c sp=0x000000439c7f3990
Event: 22.124 Thread 0x000001cc01b37860 DEOPT UNPACKING pc=0x000001cc708569a3 sp=0x000000439c7f3908 mode 2
Event: 22.124 Thread 0x000001cc01b37860 Uncommon trap: trap_request=0xffffffbe fr.pc=0x000001cc7119776c relative=0x00000000000015cc
Event: 22.124 Thread 0x000001cc01b37860 Uncommon trap: reason=profile_predicate action=maybe_recompile pc=0x000001cc7119776c method=gnu.trove.TObjectHash.insertionIndex(Ljava/lang/Object;)I @ 115 c2
Event: 22.124 Thread 0x000001cc01b37860 DEOPT PACKING pc=0x000001cc7119776c sp=0x000000439c7f3990
Event: 22.124 Thread 0x000001cc01b37860 DEOPT UNPACKING pc=0x000001cc708569a3 sp=0x000000439c7f3908 mode 2
Event: 22.125 Thread 0x000001cc01b37860 DEOPT PACKING pc=0x000001cc6a3060e3 sp=0x000000439c7f3710
Event: 22.125 Thread 0x000001cc01b37860 DEOPT UNPACKING pc=0x000001cc70857143 sp=0x000000439c7f2c20 mode 0
Event: 22.136 Thread 0x000001cc01b37860 DEOPT PACKING pc=0x000001cc6a3060c2 sp=0x000000439c7f3710
Event: 22.136 Thread 0x000001cc01b37860 DEOPT UNPACKING pc=0x000001cc70857143 sp=0x000000439c7f2c20 mode 0

Classes unloaded (0 events):
No events

Classes redefined (0 events):
No events

Internal exceptions (20 events):
Event: 16.121 Thread 0x000001cc0235e9d0 Exception <a 'sun/nio/fs/WindowsException'{0x000000008f3df3b0}> (0x000000008f3df3b0) 
thrown [s\src\hotspot\share\prims\jni.cpp, line 517]
Event: 16.129 Thread 0x000001cc0235e9d0 Exception <a 'sun/nio/fs/WindowsException'{0x000000008f21d9a0}> (0x000000008f21d9a0) 
thrown [s\src\hotspot\share\prims\jni.cpp, line 517]
Event: 16.130 Thread 0x000001cc0235e9d0 Exception <a 'sun/nio/fs/WindowsException'{0x000000008f21db08}> (0x000000008f21db08) 
thrown [s\src\hotspot\share\prims\jni.cpp, line 517]
Event: 16.362 Thread 0x000001cc01b37860 Exception <a 'java/lang/NoSuchMethodError'{0x000000008e839cd8}: 'java.lang.Object java.lang.invoke.DirectMethodHandle$Holder.newInvokeSpecial(java.lang.Object, java.lang.Object, java.lang.Object, java.lang.Object, java.lang.Object, int)'> (0x000000008e839cd8) 
thrown [s\src\hotspot\share\interpreter\linkResolver.cpp, line 771]
Event: 16.363 Thread 0x000001cc01b37860 Exception <a 'java/lang/NoSuchMethodError'{0x000000008e83f130}: 'java.lang.Object java.lang.invoke.DirectMethodHandle$Holder.invokeSpecial(java.lang.Object, java.lang.Object, java.lang.Object, java.lang.Object, java.lang.Object, java.lang.Object, int)'> (0x000000008e83f130) 
thrown [s\src\hotspot\share\interpreter\linkResolver.cpp, line 771]
Event: 16.371 Thread 0x000001cc01b37860 Exception <a 'java/lang/NoSuchMethodError'{0x000000008e8de150}: 'void java.lang.invoke.DirectMethodHandle$Holder.invokeStatic(java.lang.Object, java.lang.Object, java.lang.Object, int, java.lang.Object)'> (0x000000008e8de150) 
thrown [s\src\hotspot\share\interpreter\linkResolver.cpp, line 771]
Event: 16.425 Thread 0x000001cc07e2aa10 Implicit null exception at 0x000001cc70fb7d4b to 0x000001cc70fb7d70
Event: 16.425 Thread 0x000001cc01b37860 Implicit null exception at 0x000001cc70fb7d4b to 0x000001cc70fb7d70
Event: 16.435 Thread 0x000001cc01b39070 Exception <a 'java/lang/NoSuchMethodError'{0x000000008e491ed0}: static Lorg/gradle/internal/build/event/types/DefaultOperationStartedProgressEvent;.<clinit>()V> (0x000000008e491ed0) 
thrown [s\src\hotspot\share\prims\jni.cpp, line 1108]
Event: 16.435 Thread 0x000001cc01b39070 Exception <a 'java/lang/NoSuchMethodError'{0x000000008e493b40}: static Lorg/gradle/internal/build/event/types/AbstractProgressEvent;.<clinit>()V> (0x000000008e493b40) 
thrown [s\src\hotspot\share\prims\jni.cpp, line 1108]
Event: 16.437 Thread 0x000001cc01b39070 Exception <a 'java/lang/NoSuchMethodError'{0x000000008e4a6e90}: static Lorg/gradle/internal/build/event/types/DefaultFileDownloadDescriptor;.<clinit>()V> (0x000000008e4a6e90) 
thrown [s\src\hotspot\share\prims\jni.cpp, line 1108]
Event: 16.437 Thread 0x000001cc01b39070 Exception <a 'java/lang/NoSuchMethodError'{0x000000008e4a98f8}: static Lorg/gradle/internal/build/event/types/DefaultOperationDescriptor;.<clinit>()V> (0x000000008e4a98f8) 
thrown [s\src\hotspot\share\prims\jni.cpp, line 1108]
Event: 16.438 Thread 0x000001cc01b39070 Exception <a 'java/lang/NoSuchMethodError'{0x000000008e4bbf70}: static Lorg/gradle/internal/operations/OperationIdentifier;.<clinit>()V> (0x000000008e4bbf70) 
thrown [s\src\hotspot\share\prims\jni.cpp, line 1108]
Event: 16.472 Thread 0x000001cc01b37860 Exception <a 'sun/nio/fs/WindowsException'{0x000000008e390b50}> (0x000000008e390b50) 
thrown [s\src\hotspot\share\prims\jni.cpp, line 517]
Event: 17.329 Thread 0x000001cc01b39070 Exception <a 'java/lang/NoSuchMethodError'{0x000000008ce89b08}: static Lorg/gradle/internal/build/event/types/DefaultOperationFinishedProgressEvent;.<clinit>()V> (0x000000008ce89b08) 
thrown [s\src\hotspot\share\prims\jni.cpp, line 1108]
Event: 17.333 Thread 0x000001cc01b39070 Exception <a 'java/lang/NoSuchMethodError'{0x000000008ceb22d0}: static Lorg/gradle/internal/build/event/types/DefaultFileDownloadSuccessResult;.<clinit>()V> (0x000000008ceb22d0) 
thrown [s\src\hotspot\share\prims\jni.cpp, line 1108]
Event: 17.333 Thread 0x000001cc01b39070 Exception <a 'java/lang/NoSuchMethodError'{0x000000008ceb3318}: static Lorg/gradle/internal/build/event/types/DefaultSuccessResult;.<clinit>()V> (0x000000008ceb3318) 
thrown [s\src\hotspot\share\prims\jni.cpp, line 1108]
Event: 17.333 Thread 0x000001cc01b39070 Exception <a 'java/lang/NoSuchMethodError'{0x000000008ceb41d0}: static Lorg/gradle/internal/build/event/types/AbstractOperationResult;.<clinit>()V> (0x000000008ceb41d0) 
thrown [s\src\hotspot\share\prims\jni.cpp, line 1108]
Event: 17.333 Thread 0x000001cc01b39070 Exception <a 'java/lang/NoSuchMethodError'{0x000000008ceb5658}: static Lorg/gradle/internal/build/event/types/AbstractResult;.<clinit>()V> (0x000000008ceb5658) 
thrown [s\src\hotspot\share\prims\jni.cpp, line 1108]
Event: 17.345 Thread 0x000001cc01b39070 Exception <a 'java/lang/NoSuchMethodError'{0x000000008cd08c70}: static Lorg/gradle/internal/build/event/types/DefaultStatusEvent;.<clinit>()V> (0x000000008cd08c70) 
thrown [s\src\hotspot\share\prims\jni.cpp, line 1108]

VM Operations (20 events):
Event: 20.754 Executing VM operation: HandshakeAllThreads done
Event: 20.755 Executing VM operation: HandshakeAllThreads
Event: 20.755 Executing VM operation: HandshakeAllThreads done
Event: 21.043 Executing VM operation: ICBufferFull
Event: 21.043 Executing VM operation: ICBufferFull done
Event: 21.347 Executing VM operation: HandshakeAllThreads
Event: 21.347 Executing VM operation: HandshakeAllThreads done
Event: 21.440 Executing VM operation: G1TryInitiateConcMark
Event: 21.448 Executing VM operation: G1TryInitiateConcMark done
Event: 21.518 Executing VM operation: G1Concurrent
Event: 21.527 Executing VM operation: G1Concurrent done
Event: 21.562 Executing VM operation: G1Concurrent
Event: 21.562 Executing VM operation: G1Concurrent done
Event: 21.994 Executing VM operation: G1CollectForAllocation
Event: 22.014 Executing VM operation: G1CollectForAllocation done
Event: 22.015 Executing VM operation: G1CollectForAllocation
Event: 22.024 Executing VM operation: G1CollectForAllocation done
Event: 22.272 Executing VM operation: ICBufferFull
Event: 22.273 Executing VM operation: ICBufferFull done
Event: 22.375 Executing VM operation: G1CollectForAllocation

Events (20 events):
Event: 20.426 Thread 0x000001cc045b45e0 Thread added: 0x000001cc045b45e0
Event: 20.426 Thread 0x000001cc045b4f80 Thread added: 0x000001cc045b4f80
Event: 20.427 Thread 0x000001cc045b5450 Thread added: 0x000001cc045b5450
Event: 20.427 Thread 0x000001cc06ad46e0 Thread added: 0x000001cc06ad46e0
Event: 20.428 Thread 0x000001cc08148940 Thread added: 0x000001cc08148940
Event: 20.429 Thread 0x000001cc081492e0 Thread added: 0x000001cc081492e0
Event: 20.429 Thread 0x000001cc081497b0 Thread added: 0x000001cc081497b0
Event: 20.429 Thread 0x000001cc08147130 Thread added: 0x000001cc08147130
Event: 20.430 Thread 0x000001cc08149c80 Thread added: 0x000001cc08149c80
Event: 20.430 Thread 0x000001cc0814a150 Thread added: 0x000001cc0814a150
Event: 20.430 Thread 0x000001cc0814a620 Thread added: 0x000001cc0814a620
Event: 20.430 Thread 0x000001cc08147fa0 Thread added: 0x000001cc08147fa0
Event: 20.431 Thread 0x000001cc01017550 Thread added: 0x000001cc01017550
Event: 20.431 Thread 0x000001cc01013060 Thread added: 0x000001cc01013060
Event: 20.431 Thread 0x000001cc01013a00 Thread added: 0x000001cc01013a00
Event: 20.432 Thread 0x000001cc083d1ed0 Thread added: 0x000001cc083d1ed0
Event: 20.432 Thread 0x000001cc083d2870 Thread added: 0x000001cc083d2870
Event: 20.809 Thread 0x000001cc06ad33a0 Thread added: 0x000001cc06ad33a0
Event: 20.986 Thread 0x000001cc06868e20 Thread exited: 0x000001cc06868e20
Event: 21.561 Thread 0x000001cc06869840 Thread added: 0x000001cc06869840


Dynamic libraries:
0x00007ff695ef0000 - 0x00007ff695efa000 	D:\Android\Android Studio\jbr\bin\java.exe
0x00007ffcbdd10000 - 0x00007ffcbdf27000 	C:\WINDOWS\SYSTEM32\ntdll.dll
0x00007ffcbc6f0000 - 0x00007ffcbc7b4000 	C:\WINDOWS\System32\KERNEL32.DLL
0x00007ffcbb1f0000 - 0x00007ffcbb595000 	C:\WINDOWS\System32\KERNELBASE.dll
0x00007ffcbb940000 - 0x00007ffcbba51000 	C:\WINDOWS\System32\ucrtbase.dll
0x00007ffc83530000 - 0x00007ffc83547000 	D:\Android\Android Studio\jbr\bin\jli.dll
0x00007ffcb5fb0000 - 0x00007ffcb5fcb000 	D:\Android\Android Studio\jbr\bin\VCRUNTIME140.dll
0x00007ffcbba60000 - 0x00007ffcbbc0e000 	C:\WINDOWS\System32\USER32.dll
0x00007ffcbb5a0000 - 0x00007ffcbb5c6000 	C:\WINDOWS\System32\win32u.dll
0x00007ffca2a30000 - 0x00007ffca2cc3000 	C:\WINDOWS\WinSxS\amd64_microsoft.windows.common-controls_6595b64144ccf1df_6.0.22621.2506_none_270c5ae97388e100\COMCTL32.dll
0x00007ffcbc6c0000 - 0x00007ffcbc6e9000 	C:\WINDOWS\System32\GDI32.dll
0x00007ffcbcb80000 - 0x00007ffcbcc27000 	C:\WINDOWS\System32\msvcrt.dll
0x00007ffcbb7a0000 - 0x00007ffcbb8b9000 	C:\WINDOWS\System32\gdi32full.dll
0x00007ffcbb700000 - 0x00007ffcbb79a000 	C:\WINDOWS\System32\msvcp_win.dll
0x00007ffcbc0c0000 - 0x00007ffcbc0f1000 	C:\WINDOWS\System32\IMM32.DLL
0x00007ffc9edd0000 - 0x00007ffc9eddc000 	D:\Android\Android Studio\jbr\bin\vcruntime140_1.dll
0x00007ffc82da0000 - 0x00007ffc82e2d000 	D:\Android\Android Studio\jbr\bin\msvcp140.dll
0x00007ffc35340000 - 0x00007ffc35fae000 	D:\Android\Android Studio\jbr\bin\server\jvm.dll
0x00007ffcbc470000 - 0x00007ffcbc521000 	C:\WINDOWS\System32\ADVAPI32.dll
0x00007ffcbc210000 - 0x00007ffcbc2b6000 	C:\WINDOWS\System32\sechost.dll
0x00007ffcbdb30000 - 0x00007ffcbdc47000 	C:\WINDOWS\System32\RPCRT4.dll
0x00007ffc95f60000 - 0x00007ffc95f69000 	C:\WINDOWS\SYSTEM32\WSOCK32.dll
0x00007ffcb3010000 - 0x00007ffcb3044000 	C:\WINDOWS\SYSTEM32\WINMM.dll
0x00007ffcb1bb0000 - 0x00007ffcb1bba000 	C:\WINDOWS\SYSTEM32\VERSION.dll
0x00007ffcbdc50000 - 0x00007ffcbdcc1000 	C:\WINDOWS\System32\WS2_32.dll
0x00007ffcb9fe0000 - 0x00007ffcb9ff8000 	C:\WINDOWS\SYSTEM32\kernel.appcore.dll
0x00007ffcb6060000 - 0x00007ffcb606a000 	D:\Android\Android Studio\jbr\bin\jimage.dll
0x00007ffcb8790000 - 0x00007ffcb89c3000 	C:\WINDOWS\SYSTEM32\DBGHELP.DLL
0x00007ffcbbd10000 - 0x00007ffcbc099000 	C:\WINDOWS\System32\combase.dll
0x00007ffcbc530000 - 0x00007ffcbc607000 	C:\WINDOWS\System32\OLEAUT32.dll
0x00007ffc9a050000 - 0x00007ffc9a082000 	C:\WINDOWS\SYSTEM32\dbgcore.DLL
0x00007ffcbb8c0000 - 0x00007ffcbb93a000 	C:\WINDOWS\System32\bcryptPrimitives.dll
0x00007ffc83620000 - 0x00007ffc83645000 	D:\Android\Android Studio\jbr\bin\java.dll
0x00007ffcb6040000 - 0x00007ffcb6058000 	D:\Android\Android Studio\jbr\bin\zip.dll
0x00007ffcbd2d0000 - 0x00007ffcbdb29000 	C:\WINDOWS\System32\SHELL32.dll
0x00007ffcb8f50000 - 0x00007ffcb9844000 	C:\WINDOWS\SYSTEM32\windows.storage.dll
0x00007ffcb8e10000 - 0x00007ffcb8f4e000 	C:\WINDOWS\SYSTEM32\wintypes.dll
0x00007ffcbc110000 - 0x00007ffcbc203000 	C:\WINDOWS\System32\SHCORE.dll
0x00007ffcbbcb0000 - 0x00007ffcbbd0e000 	C:\WINDOWS\System32\shlwapi.dll
0x00007ffcbafb0000 - 0x00007ffcbafd6000 	C:\WINDOWS\SYSTEM32\profapi.dll
0x00007ffca1d20000 - 0x00007ffca1d39000 	D:\Android\Android Studio\jbr\bin\net.dll
0x00007ffcb4500000 - 0x00007ffcb4637000 	C:\WINDOWS\SYSTEM32\WINHTTP.dll
0x00007ffcba4b0000 - 0x00007ffcba519000 	C:\WINDOWS\system32\mswsock.dll
0x00007ffca04a0000 - 0x00007ffca04b6000 	D:\Android\Android Studio\jbr\bin\nio.dll
0x00007ffcb5d50000 - 0x00007ffcb5d60000 	D:\Android\Android Studio\jbr\bin\verify.dll
0x00007ffc78860000 - 0x00007ffc78887000 	C:\Users\PC\.gradle\native\68d5fa5c4cc2d200863cafc0d521ce42e7d3e7ee720ec0a83991735586a16f82\windows-amd64\native-platform.dll
0x00007ffc85bb0000 - 0x00007ffc85cf4000 	C:\Users\PC\.gradle\native\e376f236ea51e6404a007f0833ffe2c6e607c4080706a723a18a27aeea778392\windows-amd64\native-platform-file-events.dll
0x00007ffc84bd0000 - 0x00007ffc84bd9000 	D:\Android\Android Studio\jbr\bin\management.dll
0x00007ffc84bc0000 - 0x00007ffc84bcb000 	D:\Android\Android Studio\jbr\bin\management_ext.dll
0x00007ffcbbca0000 - 0x00007ffcbbca8000 	C:\WINDOWS\System32\PSAPI.DLL
0x00007ffcba800000 - 0x00007ffcba81b000 	C:\WINDOWS\SYSTEM32\CRYPTSP.dll
0x00007ffcb9fa0000 - 0x00007ffcb9fd5000 	C:\WINDOWS\system32\rsaenh.dll
0x00007ffcba550000 - 0x00007ffcba57c000 	C:\WINDOWS\SYSTEM32\USERENV.dll
0x00007ffcba940000 - 0x00007ffcba968000 	C:\WINDOWS\SYSTEM32\bcrypt.dll
0x00007ffcba7e0000 - 0x00007ffcba7ec000 	C:\WINDOWS\SYSTEM32\CRYPTBASE.dll
0x00007ffcb9ab0000 - 0x00007ffcb9add000 	C:\WINDOWS\SYSTEM32\IPHLPAPI.DLL
0x00007ffcbc2c0000 - 0x00007ffcbc2c9000 	C:\WINDOWS\System32\NSI.dll
0x00007ffcb4b90000 - 0x00007ffcb4ba9000 	C:\WINDOWS\SYSTEM32\dhcpcsvc6.DLL
0x00007ffcb3fd0000 - 0x00007ffcb3fef000 	C:\WINDOWS\SYSTEM32\dhcpcsvc.DLL
0x00007ffcb9b20000 - 0x00007ffcb9c19000 	C:\WINDOWS\SYSTEM32\DNSAPI.dll
0x00007ffc75620000 - 0x00007ffc75628000 	C:\WINDOWS\system32\wshunix.dll
0x00007ffcb0360000 - 0x00007ffcb036a000 	C:\Windows\System32\rasadhlp.dll
0x00007ffcb1750000 - 0x00007ffcb17d3000 	C:\WINDOWS\System32\fwpuclnt.dll

dbghelp: loaded successfully - version: 4.0.5 - missing functions: none
symbol engine: initialized successfully - sym options: 0x614 - pdb path: .;D:\Android\Android Studio\jbr\bin;C:\WINDOWS\SYSTEM32;C:\WINDOWS\WinSxS\amd64_microsoft.windows.common-controls_6595b64144ccf1df_6.0.22621.2506_none_270c5ae97388e100;D:\Android\Android Studio\jbr\bin\server;C:\Users\PC\.gradle\native\68d5fa5c4cc2d200863cafc0d521ce42e7d3e7ee720ec0a83991735586a16f82\windows-amd64;C:\Users\PC\.gradle\native\e376f236ea51e6404a007f0833ffe2c6e607c4080706a723a18a27aeea778392\windows-amd64

VM Arguments:
jvm_args: --add-opens=java.base/java.util=ALL-UNNAMED --add-opens=java.base/java.lang=ALL-UNNAMED --add-opens=java.base/java.lang.invoke=ALL-UNNAMED --add-opens=java.prefs/java.util.prefs=ALL-UNNAMED --add-opens=java.base/java.nio.charset=ALL-UNNAMED --add-opens=java.base/java.net=ALL-UNNAMED --add-opens=java.base/java.util.concurrent.atomic=ALL-UNNAMED -Xmx2048m -Dfile.encoding=UTF-8 -Duser.country=US -Duser.language=en -Duser.variant 
java_command: org.gradle.launcher.daemon.bootstrap.GradleDaemon 8.0
java_class_path (initial): C:\Users\PC\.gradle\wrapper\dists\gradle-8.0-bin\ca5e32bp14vu59qr306oxotwh\gradle-8.0\lib\gradle-launcher-8.0.jar
Launcher Type: SUN_STANDARD

[Global flags]
     intx CICompilerCount                          = 4                                         {product} {ergonomic}
     uint ConcGCThreads                            = 2                                         {product} {ergonomic}
     uint G1ConcRefinementThreads                  = 8                                         {product} {ergonomic}
   size_t G1HeapRegionSize                         = 1048576                                   {product} {ergonomic}
    uintx GCDrainStackTargetSize                   = 64                                        {product} {ergonomic}
   size_t InitialHeapSize                          = 132120576                                 {product} {ergonomic}
   size_t MarkStackSize                            = 4194304                                   {product} {ergonomic}
   size_t MaxHeapSize                              = 2147483648                                {product} {command line}
   size_t MaxNewSize                               = 1287651328                                {product} {ergonomic}
   size_t MinHeapDeltaBytes                        = 1048576                                   {product} {ergonomic}
   size_t MinHeapSize                              = 8388608                                   {product} {ergonomic}
    uintx NonNMethodCodeHeapSize                   = 5839372                                {pd product} {ergonomic}
    uintx NonProfiledCodeHeapSize                  = 122909434                              {pd product} {ergonomic}
    uintx ProfiledCodeHeapSize                     = 122909434                              {pd product} {ergonomic}
    uintx ReservedCodeCacheSize                    = 251658240                              {pd product} {ergonomic}
     bool SegmentedCodeCache                       = true                                      {product} {ergonomic}
   size_t SoftMaxHeapSize                          = 2147483648                             {manageable} {ergonomic}
     bool UseCompressedClassPointers               = true                           {product lp64_product} {ergonomic}
     bool UseCompressedOops                        = true                           {product lp64_product} {ergonomic}
     bool UseG1GC                                  = true                                      {product} {ergonomic}
     bool UseLargePagesIndividualAllocation        = false                                  {pd product} {ergonomic}

Logging:
Log output configuration:
 #0: stdout all=warning uptime,level,tags
 #1: stderr all=off uptime,level,tags

Environment Variables:
JAVA_HOME=C:\Program Files\Java\jdk-17
PATH=C:\Program Files\Common Files\Oracle\Java\javapath;D:\app\oracle-19c\db_home\bin;C:\WINDOWS\system32;C:\WINDOWS;C:\WINDOWS\System32\Wbem;C:\WINDOWS\System32\WindowsPowerShell\v1.0\;C:\WINDOWS\System32\OpenSSH\;C:\MinGW\bin;C:\Program Files\nodejs\;C:\ProgramData\chocolatey\bin;C:\Program Files\Git\cmd;C:\Program Files (x86)\Microchip\MPLAB C32 Suite\bin;C:\Program Files\dotnet\;C:\xampp\php;C:\ProgramData\ComposerSetup\bin;C:\Program Files\Microsoft SQL Server\150\Tools\Binn\;C:\Program Files\Microsoft SQL Server\Client SDK\ODBC\170\Tools\Binn\;C:\Program Files\Java\jdk-17\bin;C:\Program Files\MySQL\MySQL Shell 8.0\bin;D:\MATLAB\R2023b\bin;C:\Users\PC\AppData\Local\Microsoft\WindowsApps;;C:\Users\PC\AppData\Local\Programs\Microsoft VS Code\bin;C:\Users\PC\AppData\Roaming\npm;C:\Users\PC\AppData\Roaming\Composer\vendor\bin;C:\Users\PC\.dotnet\tools;C:\Program Files\JetBrains\IntelliJ IDEA Community Edition 2023.2.4\bin;
USERNAME=PC
OS=Windows_NT
PROCESSOR_IDENTIFIER=Intel64 Family 6 Model 142 Stepping 11, GenuineIntel
TMP=C:\Users\PC\AppData\Local\Temp
TEMP=C:\Users\PC\AppData\Local\Temp


JNI global refs:
JNI global refs: 28, weak refs: 23

JNI global refs memory usage: 843, weak refs: 841


---------------  S Y S T E M  ---------------

OS:
 Windows 11 , 64 bit Build 22621 (10.0.22621.2506)
OS uptime: 0 days 4:49 hours
Hyper-V role detected

CPU: total 8 (initial active 8) (4 cores per cpu, 2 threads per core) family 6 model 142 stepping 11 microcode 0xec, cx8, cmov, fxsr, ht, mmx, 3dnowpref, sse, sse2, sse3, ssse3, sse4.1, sse4.2, popcnt, lzcnt, tsc, tscinvbit, avx, avx2, aes, erms, clmul, bmi1, bmi2, adx, fma, vzeroupper, clflush, clflushopt, hv

Memory: 4k page, system-wide physical 8062M (421M free)
TotalPageFile size 19037M (AvailPageFile size 420M)
current process WorkingSet (physical memory assigned to process): 579M, peak: 585M
current process commit charge ("private bytes"): 612M, peak: 1160M

vm_info: OpenJDK 64-Bit Server VM (17.0.6+0-b2043.56-10027231) for windows-amd64 JRE (17.0.6+0-b2043.56-10027231), built on Apr 28 2023 00:43:19 by "androidbuild" with MS VC++ 16.10 / 16.11 (VS2019)

END.
